2018-02-09 03:26:14,147 [5] INFO  Kres.Man.KresUpdater [(null)] - Read response
2018-02-09 03:26:14,163 [5] INFO  Kres.Man.KresUpdater [(null)] - Message was sent successfully.
2018-02-09 03:26:14,163 [5] INFO  Kres.Man.KresUpdater [(null)] - Closingip stream.
2018-02-09 03:26:14,163 [5] INFO  Kres.Man.KresUpdater [(null)] - Return.
2018-02-09 03:26:14,163 [5] INFO  Kres.Man.KresUpdater [(null)] - Push buftype swapcache
2018-02-09 03:26:14,164 [5] INFO  Kres.Man.KresUpdater [(null)] - Get stream
2018-02-09 03:26:14,164 [5] INFO  Kres.Man.KresUpdater [(null)] - Written header
2018-02-09 03:26:14,164 [5] INFO  Kres.Man.KresUpdater [(null)] - Read header response
2018-02-09 03:26:14,164 [5] INFO  Kres.Man.KresUpdater [(null)] - Header understood
2018-02-09 03:26:14,164 [5] INFO  Kres.Man.KresUpdater [(null)] - Closingip stream.
2018-02-09 03:26:14,164 [5] INFO  Kres.Man.KresUpdater [(null)] - Return.
2018-02-09 03:26:14,164 [5] INFO  Kres.Man.KresUpdater [(null)] - Push buftype swapfreebuffers
2018-02-09 03:26:14,165 [5] INFO  Kres.Man.KresUpdater [(null)] - Get stream
2018-02-09 03:26:14,165 [5] INFO  Kres.Man.KresUpdater [(null)] - Written header
2018-02-09 03:26:14,165 [5] INFO  Kres.Man.KresUpdater [(null)] - Read header response
2018-02-09 03:26:14,165 [5] INFO  Kres.Man.KresUpdater [(null)] - Header understood
2018-02-09 03:26:14,165 [5] INFO  Kres.Man.KresUpdater [(null)] - Closingip stream.
2018-02-09 03:26:14,165 [5] INFO  Kres.Man.KresUpdater [(null)] - Return.
2018-02-09 03:26:14,166 [5] INFO  Kres.Man.KresUpdater [(null)] - Updating 5 crc domains.
2018-02-09 03:26:14,166 [5] INFO  Kres.Man.KresUpdater [(null)] - Push buftype domainCrcBuffer
2018-02-09 03:26:14,166 [5] INFO  Kres.Man.KresUpdater [(null)] - Get stream
2018-02-09 03:26:14,166 [5] INFO  Kres.Man.KresUpdater [(null)] - Written header
2018-02-09 03:26:14,168 [5] INFO  Kres.Man.KresUpdater [(null)] - Read header response
2018-02-09 03:26:14,168 [5] INFO  Kres.Man.KresUpdater [(null)] - Header understood
2018-02-09 03:26:14,169 [5] INFO  Kres.Man.KresUpdater [(null)] - Written 16 header size, message 40 bytes
2018-02-09 03:26:14,169 [5] INFO  Kres.Man.KresUpdater [(null)] - Write message.
2018-02-09 03:26:14,169 [5] INFO  Kres.Man.KresUpdater [(null)] - Message written.
2018-02-09 03:26:14,169 [5] INFO  Kres.Man.KresUpdater [(null)] - Read response
2018-02-09 03:26:14,169 [5] INFO  Kres.Man.KresUpdater [(null)] - Message was sent successfully.
2018-02-09 03:26:14,169 [5] INFO  Kres.Man.KresUpdater [(null)] - Closingip stream.
2018-02-09 03:26:14,169 [5] INFO  Kres.Man.KresUpdater [(null)] - Return.
2018-02-09 03:26:14,169 [5] INFO  Kres.Man.KresUpdater [(null)] - Push buftype domainAccuracyBuffer
2018-02-09 03:26:14,170 [5] INFO  Kres.Man.KresUpdater [(null)] - Get stream
2018-02-09 03:26:14,170 [5] INFO  Kres.Man.KresUpdater [(null)] - Written header
2018-02-09 03:26:14,170 [5] INFO  Kres.Man.KresUpdater [(null)] - Read header response
2018-02-09 03:26:14,170 [5] INFO  Kres.Man.KresUpdater [(null)] - Header understood
2018-02-09 03:26:14,170 [5] INFO  Kres.Man.KresUpdater [(null)] - Written 16 header size, message 10 bytes
2018-02-09 03:26:14,171 [5] INFO  Kres.Man.KresUpdater [(null)] - Write message.
2018-02-09 03:26:14,171 [5] INFO  Kres.Man.KresUpdater [(null)] - Message written.
2018-02-09 03:26:14,171 [5] INFO  Kres.Man.KresUpdater [(null)] - Read response
2018-02-09 03:26:14,171 [5] INFO  Kres.Man.KresUpdater [(null)] - Message was sent successfully.
2018-02-09 03:26:14,171 [5] INFO  Kres.Man.KresUpdater [(null)] - Closingip stream.
2018-02-09 03:26:14,171 [5] INFO  Kres.Man.KresUpdater [(null)] - Return.
2018-02-09 03:26:14,171 [5] INFO  Kres.Man.KresUpdater [(null)] - Push buftype domainFlagsBuffer
2018-02-09 03:26:14,171 [5] INFO  Kres.Man.KresUpdater [(null)] - Get stream
2018-02-09 03:26:14,173 [5] INFO  Kres.Man.KresUpdater [(null)] - Written header
2018-02-09 03:26:14,173 [5] INFO  Kres.Man.KresUpdater [(null)] - Read header response
2018-02-09 03:26:14,173 [5] INFO  Kres.Man.KresUpdater [(null)] - Header understood
2018-02-09 03:26:14,173 [5] INFO  Kres.Man.KresUpdater [(null)] - Written 16 header size, message 40 bytes
2018-02-09 03:26:14,173 [5] INFO  Kres.Man.KresUpdater [(null)] - Write message.
2018-02-09 03:26:14,173 [5] INFO  Kres.Man.KresUpdater [(null)] - Message written.
2018-02-09 03:26:14,173 [5] INFO  Kres.Man.KresUpdater [(null)] - Read response
2018-02-09 03:26:14,173 [5] INFO  Kres.Man.KresUpdater [(null)] - Message was sent successfully.
2018-02-09 03:26:14,173 [5] INFO  Kres.Man.KresUpdater [(null)] - Closingip stream.
2018-02-09 03:26:14,174 [5] INFO  Kres.Man.KresUpdater [(null)] - Return.
2018-02-09 03:26:14,174 [5] INFO  Kres.Man.KresUpdater [(null)] - Updating 5 ip ranges.
2018-02-09 03:26:14,174 [5] INFO  Kres.Man.KresUpdater [(null)] - Push buftype iprangeipfrom
2018-02-09 03:26:14,174 [5] INFO  Kres.Man.KresUpdater [(null)] - Get stream
2018-02-09 03:26:14,174 [5] INFO  Kres.Man.KresUpdater [(null)] - Written header
2018-02-09 03:26:14,175 [5] INFO  Kres.Man.KresUpdater [(null)] - Read header response
2018-02-09 03:26:14,175 [5] INFO  Kres.Man.KresUpdater [(null)] - Header understood
2018-02-09 03:26:14,175 [5] INFO  Kres.Man.KresUpdater [(null)] - Written 16 header size, message 24 bytes
2018-02-09 03:26:14,175 [5] INFO  Kres.Man.KresUpdater [(null)] - Write message.
2018-02-09 03:26:14,175 [5] INFO  Kres.Man.KresUpdater [(null)] - Message written.
2018-02-09 03:26:14,175 [5] INFO  Kres.Man.KresUpdater [(null)] - Read response
2018-02-09 03:26:14,175 [5] INFO  Kres.Man.KresUpdater [(null)] - Message was sent successfully.
2018-02-09 03:26:14,175 [5] INFO  Kres.Man.KresUpdater [(null)] - Written 16 header size, message 24 bytes
2018-02-09 03:26:14,175 [5] INFO  Kres.Man.KresUpdater [(null)] - Write message.
2018-02-09 03:26:14,175 [5] INFO  Kres.Man.KresUpdater [(null)] - Message written.
2018-02-09 03:26:14,175 [5] INFO  Kres.Man.KresUpdater [(null)] - Read response
2018-02-09 03:26:14,176 [5] INFO  Kres.Man.KresUpdater [(null)] - Message was sent successfully.
2018-02-09 03:26:14,176 [5] INFO  Kres.Man.KresUpdater [(null)] - Written 16 header size, message 24 bytes
2018-02-09 03:26:14,176 [5] INFO  Kres.Man.KresUpdater [(null)] - Write message.
2018-02-09 03:26:14,176 [5] INFO  Kres.Man.KresUpdater [(null)] - Message written.
2018-02-09 03:26:14,176 [5] INFO  Kres.Man.KresUpdater [(null)] - Read response
2018-02-09 03:26:14,176 [5] INFO  Kres.Man.KresUpdater [(null)] - Message was sent successfully.
2018-02-09 03:26:14,176 [5] INFO  Kres.Man.KresUpdater [(null)] - Written 16 header size, message 24 bytes
2018-02-09 03:26:14,176 [5] INFO  Kres.Man.KresUpdater [(null)] - Write message.
2018-02-09 03:26:14,176 [5] INFO  Kres.Man.KresUpdater [(null)] - Message written.
2018-02-09 03:26:14,176 [5] INFO  Kres.Man.KresUpdater [(null)] - Read response
2018-02-09 03:26:14,176 [5] INFO  Kres.Man.KresUpdater [(null)] - Message was sent successfully.
2018-02-09 03:26:14,177 [5] INFO  Kres.Man.KresUpdater [(null)] - Written 16 header size, message 24 bytes
2018-02-09 03:26:14,177 [5] INFO  Kres.Man.KresUpdater [(null)] - Write message.
2018-02-09 03:26:14,177 [5] INFO  Kres.Man.KresUpdater [(null)] - Message written.
2018-02-09 03:26:14,181 [5] INFO  Kres.Man.KresUpdater [(null)] - Read response
2018-02-09 03:26:14,182 [5] INFO  Kres.Man.KresUpdater [(null)] - Message was sent successfully.
2018-02-09 03:26:14,182 [5] INFO  Kres.Man.KresUpdater [(null)] - Closingip stream.
2018-02-09 03:26:14,182 [5] INFO  Kres.Man.KresUpdater [(null)] - Return.
2018-02-09 03:26:14,182 [5] INFO  Kres.Man.KresUpdater [(null)] - Push buftype iprangeipto
2018-02-09 03:26:14,182 [5] INFO  Kres.Man.KresUpdater [(null)] - Get stream
2018-02-09 03:26:14,182 [5] INFO  Kres.Man.KresUpdater [(null)] - Written header
2018-02-09 03:26:14,183 [5] INFO  Kres.Man.KresUpdater [(null)] - Read header response
2018-02-09 03:26:14,183 [5] INFO  Kres.Man.KresUpdater [(null)] - Header understood
2018-02-09 03:26:14,183 [5] INFO  Kres.Man.KresUpdater [(null)] - Written 16 header size, message 24 bytes
2018-02-09 03:26:14,183 [5] INFO  Kres.Man.KresUpdater [(null)] - Write message.
2018-02-09 03:26:14,183 [5] INFO  Kres.Man.KresUpdater [(null)] - Message written.
2018-02-09 03:26:14,183 [5] INFO  Kres.Man.KresUpdater [(null)] - Read response
2018-02-09 03:26:14,183 [5] INFO  Kres.Man.KresUpdater [(null)] - Message was sent successfully.
2018-02-09 03:26:14,183 [5] INFO  Kres.Man.KresUpdater [(null)] - Written 16 header size, message 24 bytes
2018-02-09 03:26:14,183 [5] INFO  Kres.Man.KresUpdater [(null)] - Write message.
2018-02-09 03:26:14,183 [5] INFO  Kres.Man.KresUpdater [(null)] - Message written.
2018-02-09 03:26:14,183 [5] INFO  Kres.Man.KresUpdater [(null)] - Read response
2018-02-09 03:26:14,183 [5] INFO  Kres.Man.KresUpdater [(null)] - Message was sent successfully.
2018-02-09 03:26:14,183 [5] INFO  Kres.Man.KresUpdater [(null)] - Written 16 header size, message 24 bytes
2018-02-09 03:26:14,183 [5] INFO  Kres.Man.KresUpdater [(null)] - Write message.
2018-02-09 03:26:14,183 [5] INFO  Kres.Man.KresUpdater [(null)] - Message written.
2018-02-09 03:26:14,184 [5] INFO  Kres.Man.KresUpdater [(null)] - Read response
2018-02-09 03:26:14,184 [5] INFO  Kres.Man.KresUpdater [(null)] - Message was sent successfully.
2018-02-09 03:26:14,184 [5] INFO  Kres.Man.KresUpdater [(null)] - Written 16 header size, message 24 bytes
2018-02-09 03:26:14,184 [5] INFO  Kres.Man.KresUpdater [(null)] - Write message.
2018-02-09 03:26:14,184 [5] INFO  Kres.Man.KresUpdater [(null)] - Message written.
2018-02-09 03:26:14,184 [5] INFO  Kres.Man.KresUpdater [(null)] - Read response
2018-02-09 03:26:14,184 [5] INFO  Kres.Man.KresUpdater [(null)] - Message was sent successfully.
2018-02-09 03:26:14,184 [5] INFO  Kres.Man.KresUpdater [(null)] - Written 16 header size, message 24 bytes
2018-02-09 03:26:14,184 [5] INFO  Kres.Man.KresUpdater [(null)] - Write message.
2018-02-09 03:26:14,184 [5] INFO  Kres.Man.KresUpdater [(null)] - Message written.
2018-02-09 03:26:14,184 [5] INFO  Kres.Man.KresUpdater [(null)] - Read response
2018-02-09 03:26:14,185 [5] INFO  Kres.Man.KresUpdater [(null)] - Message was sent successfully.
2018-02-09 03:26:14,185 [5] INFO  Kres.Man.KresUpdater [(null)] - Closingip stream.
2018-02-09 03:26:14,185 [5] INFO  Kres.Man.KresUpdater [(null)] - Return.
2018-02-09 03:26:14,185 [5] INFO  Kres.Man.KresUpdater [(null)] - Push buftype iprangeidentity
2018-02-09 03:26:14,185 [5] INFO  Kres.Man.KresUpdater [(null)] - Get stream
2018-02-09 03:26:14,185 [5] INFO  Kres.Man.KresUpdater [(null)] - Written header
2018-02-09 03:26:14,185 [5] INFO  Kres.Man.KresUpdater [(null)] - Read header response
2018-02-09 03:26:14,185 [5] INFO  Kres.Man.KresUpdater [(null)] - Header understood
2018-02-09 03:26:14,185 [5] INFO  Kres.Man.KresUpdater [(null)] - Written 16 header size, message 5 bytes
2018-02-09 03:26:14,185 [5] INFO  Kres.Man.KresUpdater [(null)] - Write message.
2018-02-09 03:26:14,185 [5] INFO  Kres.Man.KresUpdater [(null)] - Message written.
2018-02-09 03:26:14,186 [5] INFO  Kres.Man.KresUpdater [(null)] - Read response
2018-02-09 03:26:14,186 [5] INFO  Kres.Man.KresUpdater [(null)] - Message was sent successfully.
2018-02-09 03:26:14,186 [5] INFO  Kres.Man.KresUpdater [(null)] - Written 16 header size, message 5 bytes
2018-02-09 03:26:14,186 [5] INFO  Kres.Man.KresUpdater [(null)] - Write message.
2018-02-09 03:26:14,186 [5] INFO  Kres.Man.KresUpdater [(null)] - Message written.
2018-02-09 03:26:14,186 [5] INFO  Kres.Man.KresUpdater [(null)] - Read response
2018-02-09 03:26:14,186 [5] INFO  Kres.Man.KresUpdater [(null)] - Message was sent successfully.
2018-02-09 03:26:14,186 [5] INFO  Kres.Man.KresUpdater [(null)] - Written 16 header size, message 5 bytes
2018-02-09 03:26:14,186 [5] INFO  Kres.Man.KresUpdater [(null)] - Write message.
2018-02-09 03:26:14,186 [5] INFO  Kres.Man.KresUpdater [(null)] - Message written.
2018-02-09 03:26:14,186 [5] INFO  Kres.Man.KresUpdater [(null)] - Read response
2018-02-09 03:26:14,186 [5] INFO  Kres.Man.KresUpdater [(null)] - Message was sent successfully.
2018-02-09 03:26:14,187 [5] INFO  Kres.Man.KresUpdater [(null)] - Written 16 header size, message 5 bytes
2018-02-09 03:26:14,187 [5] INFO  Kres.Man.KresUpdater [(null)] - Write message.
2018-02-09 03:26:14,187 [5] INFO  Kres.Man.KresUpdater [(null)] - Message written.
2018-02-09 03:26:14,187 [5] INFO  Kres.Man.KresUpdater [(null)] - Read response
2018-02-09 03:26:14,187 [5] INFO  Kres.Man.KresUpdater [(null)] - Message was sent successfully.
2018-02-09 03:26:14,187 [5] INFO  Kres.Man.KresUpdater [(null)] - Written 16 header size, message 5 bytes
2018-02-09 03:26:14,187 [5] INFO  Kres.Man.KresUpdater [(null)] - Write message.
2018-02-09 03:26:14,187 [5] INFO  Kres.Man.KresUpdater [(null)] - Message written.
2018-02-09 03:26:14,188 [5] INFO  Kres.Man.KresUpdater [(null)] - Read response
2018-02-09 03:26:14,188 [5] INFO  Kres.Man.KresUpdater [(null)] - Message was sent successfully.
2018-02-09 03:26:14,188 [5] INFO  Kres.Man.KresUpdater [(null)] - Closingip stream.
2018-02-09 03:26:14,188 [5] INFO  Kres.Man.KresUpdater [(null)] - Return.
2018-02-09 03:26:14,188 [5] INFO  Kres.Man.KresUpdater [(null)] - Push buftype iprangepolicyid
2018-02-09 03:26:14,188 [5] INFO  Kres.Man.KresUpdater [(null)] - Get stream
2018-02-09 03:26:14,189 [5] INFO  Kres.Man.KresUpdater [(null)] - Written header
2018-02-09 03:26:14,189 [5] INFO  Kres.Man.KresUpdater [(null)] - Read header response
2018-02-09 03:26:14,189 [5] INFO  Kres.Man.KresUpdater [(null)] - Header understood
2018-02-09 03:26:14,189 [5] INFO  Kres.Man.KresUpdater [(null)] - Written 16 header size, message 4 bytes
2018-02-09 03:26:14,189 [5] INFO  Kres.Man.KresUpdater [(null)] - Write message.
2018-02-09 03:26:14,189 [5] INFO  Kres.Man.KresUpdater [(null)] - Message written.
2018-02-09 03:26:14,195 [5] INFO  Kres.Man.KresUpdater [(null)] - Read response
2018-02-09 03:26:14,195 [5] INFO  Kres.Man.KresUpdater [(null)] - Message was sent successfully.
2018-02-09 03:26:14,195 [5] INFO  Kres.Man.KresUpdater [(null)] - Written 16 header size, message 4 bytes
2018-02-09 03:26:14,195 [5] INFO  Kres.Man.KresUpdater [(null)] - Write message.
2018-02-09 03:26:14,195 [5] INFO  Kres.Man.KresUpdater [(null)] - Message written.
2018-02-09 03:26:14,195 [5] INFO  Kres.Man.KresUpdater [(null)] - Read response
2018-02-09 03:26:14,195 [5] INFO  Kres.Man.KresUpdater [(null)] - Message was sent successfully.
2018-02-09 03:26:14,195 [5] INFO  Kres.Man.KresUpdater [(null)] - Written 16 header size, message 4 bytes
2018-02-09 03:26:14,195 [5] INFO  Kres.Man.KresUpdater [(null)] - Write message.
2018-02-09 03:26:14,195 [5] INFO  Kres.Man.KresUpdater [(null)] - Message written.
2018-02-09 03:26:14,195 [5] INFO  Kres.Man.KresUpdater [(null)] - Read response
2018-02-09 03:26:14,195 [5] INFO  Kres.Man.KresUpdater [(null)] - Message was sent successfully.
2018-02-09 03:26:14,195 [5] INFO  Kres.Man.KresUpdater [(null)] - Written 16 header size, message 4 bytes
2018-02-09 03:26:14,195 [5] INFO  Kres.Man.KresUpdater [(null)] - Write message.
2018-02-09 03:26:14,195 [5] INFO  Kres.Man.KresUpdater [(null)] - Message written.
2018-02-09 03:26:14,195 [5] INFO  Kres.Man.KresUpdater [(null)] - Read response
2018-02-09 03:26:14,195 [5] INFO  Kres.Man.KresUpdater [(null)] - Message was sent successfully.
2018-02-09 03:26:14,195 [5] INFO  Kres.Man.KresUpdater [(null)] - Written 16 header size, message 4 bytes
2018-02-09 03:26:14,195 [5] INFO  Kres.Man.KresUpdater [(null)] - Write message.
2018-02-09 03:26:14,196 [5] INFO  Kres.Man.KresUpdater [(null)] - Message written.
2018-02-09 03:26:14,196 [5] INFO  Kres.Man.KresUpdater [(null)] - Read response
2018-02-09 03:26:14,196 [5] INFO  Kres.Man.KresUpdater [(null)] - Message was sent successfully.
2018-02-09 03:26:14,196 [5] INFO  Kres.Man.KresUpdater [(null)] - Closingip stream.
2018-02-09 03:26:14,196 [5] INFO  Kres.Man.KresUpdater [(null)] - Return.
2018-02-09 03:26:14,196 [5] INFO  Kres.Man.KresUpdater [(null)] - Push buftype swapcache
2018-02-09 03:26:14,196 [5] INFO  Kres.Man.KresUpdater [(null)] - Get stream
2018-02-09 03:26:14,196 [5] INFO  Kres.Man.KresUpdater [(null)] - Written header
2018-02-09 03:26:14,196 [5] INFO  Kres.Man.KresUpdater [(null)] - Read header response
2018-02-09 03:26:14,196 [5] INFO  Kres.Man.KresUpdater [(null)] - Header understood
2018-02-09 03:26:14,196 [5] INFO  Kres.Man.KresUpdater [(null)] - Closingip stream.
2018-02-09 03:26:14,196 [5] INFO  Kres.Man.KresUpdater [(null)] - Return.
2018-02-09 03:26:14,196 [5] INFO  Kres.Man.KresUpdater [(null)] - Push buftype swapfreebuffers
2018-02-09 03:26:14,197 [5] INFO  Kres.Man.KresUpdater [(null)] - Get stream
2018-02-09 03:26:14,197 [5] INFO  Kres.Man.KresUpdater [(null)] - Written header
2018-02-09 03:26:14,197 [5] INFO  Kres.Man.KresUpdater [(null)] - Read header response
2018-02-09 03:26:14,197 [5] INFO  Kres.Man.KresUpdater [(null)] - Header understood
2018-02-09 03:26:14,197 [5] INFO  Kres.Man.KresUpdater [(null)] - Closingip stream.
2018-02-09 03:26:14,197 [5] INFO  Kres.Man.KresUpdater [(null)] - Return.
2018-02-09 03:26:14,197 [5] INFO  Kres.Man.KresUpdater [(null)] - Updating 5 crc domains.
2018-02-09 03:26:14,197 [5] INFO  Kres.Man.KresUpdater [(null)] - Push buftype domainCrcBuffer
2018-02-09 03:26:14,197 [5] INFO  Kres.Man.KresUpdater [(null)] - Get stream
2018-02-09 03:26:14,197 [5] INFO  Kres.Man.KresUpdater [(null)] - Written header
2018-02-09 03:26:14,197 [5] INFO  Kres.Man.KresUpdater [(null)] - Read header response
2018-02-09 03:26:14,197 [5] INFO  Kres.Man.KresUpdater [(null)] - Header understood
2018-02-09 03:26:14,198 [5] INFO  Kres.Man.KresUpdater [(null)] - Written 16 header size, message 40 bytes
2018-02-09 03:26:14,198 [5] INFO  Kres.Man.KresUpdater [(null)] - Write message.
2018-02-09 03:26:14,198 [5] INFO  Kres.Man.KresUpdater [(null)] - Message written.
2018-02-09 03:26:14,198 [5] INFO  Kres.Man.KresUpdater [(null)] - Read response
2018-02-09 03:26:14,198 [5] INFO  Kres.Man.KresUpdater [(null)] - Message was sent successfully.
2018-02-09 03:26:14,198 [5] INFO  Kres.Man.KresUpdater [(null)] - Closingip stream.
2018-02-09 03:26:14,198 [5] INFO  Kres.Man.KresUpdater [(null)] - Return.
2018-02-09 03:26:14,198 [5] INFO  Kres.Man.KresUpdater [(null)] - Push buftype domainAccuracyBuffer
2018-02-09 03:26:14,198 [5] INFO  Kres.Man.KresUpdater [(null)] - Get stream
2018-02-09 03:26:14,198 [5] INFO  Kres.Man.KresUpdater [(null)] - Written header
2018-02-09 03:26:14,198 [5] INFO  Kres.Man.KresUpdater [(null)] - Read header response
2018-02-09 03:26:14,198 [5] INFO  Kres.Man.KresUpdater [(null)] - Header understood
2018-02-09 03:26:14,198 [5] INFO  Kres.Man.KresUpdater [(null)] - Written 16 header size, message 10 bytes
2018-02-09 03:26:14,198 [5] INFO  Kres.Man.KresUpdater [(null)] - Write message.
2018-02-09 03:26:14,198 [5] INFO  Kres.Man.KresUpdater [(null)] - Message written.
2018-02-09 03:26:14,199 [5] INFO  Kres.Man.KresUpdater [(null)] - Read response
2018-02-09 03:26:14,199 [5] INFO  Kres.Man.KresUpdater [(null)] - Message was sent successfully.
2018-02-09 03:26:14,199 [5] INFO  Kres.Man.KresUpdater [(null)] - Closingip stream.
2018-02-09 03:26:14,199 [5] INFO  Kres.Man.KresUpdater [(null)] - Return.
2018-02-09 03:26:14,199 [5] INFO  Kres.Man.KresUpdater [(null)] - Push buftype domainFlagsBuffer
2018-02-09 03:26:14,199 [5] INFO  Kres.Man.KresUpdater [(null)] - Get stream
2018-02-09 03:26:14,199 [5] INFO  Kres.Man.KresUpdater [(null)] - Written header
2018-02-09 03:26:14,199 [5] INFO  Kres.Man.KresUpdater [(null)] - Read header response
2018-02-09 03:26:14,199 [5] INFO  Kres.Man.KresUpdater [(null)] - Header understood
2018-02-09 03:26:14,199 [5] INFO  Kres.Man.KresUpdater [(null)] - Written 16 header size, message 40 bytes
2018-02-09 03:26:14,199 [5] INFO  Kres.Man.KresUpdater [(null)] - Write message.
2018-02-09 03:26:14,199 [5] INFO  Kres.Man.KresUpdater [(null)] - Message written.
2018-02-09 03:26:14,199 [5] INFO  Kres.Man.KresUpdater [(null)] - Read response
2018-02-09 03:26:14,199 [5] INFO  Kres.Man.KresUpdater [(null)] - Message was sent successfully.
2018-02-09 03:26:14,200 [5] INFO  Kres.Man.KresUpdater [(null)] - Closingip stream.
2018-02-09 03:26:14,200 [5] INFO  Kres.Man.KresUpdater [(null)] - Return.
2018-02-09 03:26:14,200 [5] INFO  Kres.Man.KresUpdater [(null)] - Updating 5 ip ranges.
2018-02-09 03:26:14,200 [5] INFO  Kres.Man.KresUpdater [(null)] - Push buftype iprangeipfrom
2018-02-09 03:26:14,200 [5] INFO  Kres.Man.KresUpdater [(null)] - Get stream
2018-02-09 03:26:14,200 [5] INFO  Kres.Man.KresUpdater [(null)] - Written header
2018-02-09 03:26:14,200 [5] INFO  Kres.Man.KresUpdater [(null)] - Read header response
2018-02-09 03:26:14,201 [5] INFO  Kres.Man.KresUpdater [(null)] - Header understood
2018-02-09 03:26:14,201 [5] INFO  Kres.Man.KresUpdater [(null)] - Written 16 header size, message 24 bytes
2018-02-09 03:26:14,201 [5] INFO  Kres.Man.KresUpdater [(null)] - Write message.
2018-02-09 03:26:14,201 [5] INFO  Kres.Man.KresUpdater [(null)] - Message written.
2018-02-09 03:26:14,203 [5] INFO  Kres.Man.KresUpdater [(null)] - Read response
2018-02-09 03:26:14,203 [5] INFO  Kres.Man.KresUpdater [(null)] - Message was sent successfully.
2018-02-09 03:26:14,203 [5] INFO  Kres.Man.KresUpdater [(null)] - Written 16 header size, message 24 bytes
2018-02-09 03:26:14,203 [5] INFO  Kres.Man.KresUpdater [(null)] - Write message.
2018-02-09 03:26:14,203 [5] INFO  Kres.Man.KresUpdater [(null)] - Message written.
2018-02-09 03:26:14,208 [5] INFO  Kres.Man.KresUpdater [(null)] - Read response
2018-02-09 03:26:14,208 [5] INFO  Kres.Man.KresUpdater [(null)] - Message was sent successfully.
2018-02-09 03:26:14,208 [5] INFO  Kres.Man.KresUpdater [(null)] - Written 16 header size, message 24 bytes
2018-02-09 03:26:14,208 [5] INFO  Kres.Man.KresUpdater [(null)] - Write message.
2018-02-09 03:26:14,208 [5] INFO  Kres.Man.KresUpdater [(null)] - Message written.
2018-02-09 03:26:14,208 [5] INFO  Kres.Man.KresUpdater [(null)] - Read response
2018-02-09 03:26:14,208 [5] INFO  Kres.Man.KresUpdater [(null)] - Message was sent successfully.
2018-02-09 03:26:14,208 [5] INFO  Kres.Man.KresUpdater [(null)] - Written 16 header size, message 24 bytes
2018-02-09 03:26:14,208 [5] INFO  Kres.Man.KresUpdater [(null)] - Write message.
2018-02-09 03:26:14,208 [5] INFO  Kres.Man.KresUpdater [(null)] - Message written.
2018-02-09 03:26:14,208 [5] INFO  Kres.Man.KresUpdater [(null)] - Read response
2018-02-09 03:26:14,208 [5] INFO  Kres.Man.KresUpdater [(null)] - Message was sent successfully.
2018-02-09 03:26:14,208 [5] INFO  Kres.Man.KresUpdater [(null)] - Written 16 header size, message 24 bytes
2018-02-09 03:26:14,208 [5] INFO  Kres.Man.KresUpdater [(null)] - Write message.
2018-02-09 03:26:14,208 [5] INFO  Kres.Man.KresUpdater [(null)] - Message written.
2018-02-09 03:26:14,209 [5] INFO  Kres.Man.KresUpdater [(null)] - Read response
2018-02-09 03:26:14,209 [5] INFO  Kres.Man.KresUpdater [(null)] - Message was sent successfully.
2018-02-09 03:26:14,209 [5] INFO  Kres.Man.KresUpdater [(null)] - Closingip stream.
2018-02-09 03:26:14,209 [5] INFO  Kres.Man.KresUpdater [(null)] - Return.
2018-02-09 03:26:14,209 [5] INFO  Kres.Man.KresUpdater [(null)] - Push buftype iprangeipto
2018-02-09 03:26:14,209 [5] INFO  Kres.Man.KresUpdater [(null)] - Get stream
2018-02-09 03:26:14,209 [5] INFO  Kres.Man.KresUpdater [(null)] - Written header
2018-02-09 03:26:14,209 [5] INFO  Kres.Man.KresUpdater [(null)] - Read header response
2018-02-09 03:26:14,209 [5] INFO  Kres.Man.KresUpdater [(null)] - Header understood
2018-02-09 03:26:14,209 [5] INFO  Kres.Man.KresUpdater [(null)] - Written 16 header size, message 24 bytes
2018-02-09 03:26:14,209 [5] INFO  Kres.Man.KresUpdater [(null)] - Write message.
2018-02-09 03:26:14,209 [5] INFO  Kres.Man.KresUpdater [(null)] - Message written.
2018-02-09 03:26:14,209 [5] INFO  Kres.Man.KresUpdater [(null)] - Read response
2018-02-09 03:26:14,209 [5] INFO  Kres.Man.KresUpdater [(null)] - Message was sent successfully.
2018-02-09 03:26:14,209 [5] INFO  Kres.Man.KresUpdater [(null)] - Written 16 header size, message 24 bytes
2018-02-09 03:26:14,210 [5] INFO  Kres.Man.KresUpdater [(null)] - Write message.
2018-02-09 03:26:14,210 [5] INFO  Kres.Man.KresUpdater [(null)] - Message written.
2018-02-09 03:26:14,210 [5] INFO  Kres.Man.KresUpdater [(null)] - Read response
2018-02-09 03:26:14,210 [5] INFO  Kres.Man.KresUpdater [(null)] - Message was sent successfully.
2018-02-09 03:26:14,210 [5] INFO  Kres.Man.KresUpdater [(null)] - Written 16 header size, message 24 bytes
2018-02-09 03:26:14,210 [5] INFO  Kres.Man.KresUpdater [(null)] - Write message.
2018-02-09 03:26:14,210 [5] INFO  Kres.Man.KresUpdater [(null)] - Message written.
2018-02-09 03:26:14,210 [5] INFO  Kres.Man.KresUpdater [(null)] - Read response
2018-02-09 03:26:14,210 [5] INFO  Kres.Man.KresUpdater [(null)] - Message was sent successfully.
2018-02-09 03:26:14,210 [5] INFO  Kres.Man.KresUpdater [(null)] - Written 16 header size, message 24 bytes
2018-02-09 03:26:14,210 [5] INFO  Kres.Man.KresUpdater [(null)] - Write message.
2018-02-09 03:26:14,210 [5] INFO  Kres.Man.KresUpdater [(null)] - Message written.
2018-02-09 03:26:14,210 [5] INFO  Kres.Man.KresUpdater [(null)] - Read response
2018-02-09 03:26:14,210 [5] INFO  Kres.Man.KresUpdater [(null)] - Message was sent successfully.
2018-02-09 03:26:14,210 [5] INFO  Kres.Man.KresUpdater [(null)] - Written 16 header size, message 24 bytes
2018-02-09 03:26:14,210 [5] INFO  Kres.Man.KresUpdater [(null)] - Write message.
2018-02-09 03:26:14,210 [5] INFO  Kres.Man.KresUpdater [(null)] - Message written.
2018-02-09 03:26:14,210 [5] INFO  Kres.Man.KresUpdater [(null)] - Read response
2018-02-09 03:26:14,210 [5] INFO  Kres.Man.KresUpdater [(null)] - Message was sent successfully.
2018-02-09 03:26:14,211 [5] INFO  Kres.Man.KresUpdater [(null)] - Closingip stream.
2018-02-09 03:26:14,211 [5] INFO  Kres.Man.KresUpdater [(null)] - Return.
2018-02-09 03:26:14,211 [5] INFO  Kres.Man.KresUpdater [(null)] - Push buftype iprangeidentity
2018-02-09 03:26:14,211 [5] INFO  Kres.Man.KresUpdater [(null)] - Get stream
2018-02-09 03:26:14,211 [5] INFO  Kres.Man.KresUpdater [(null)] - Written header
2018-02-09 03:26:14,211 [5] INFO  Kres.Man.KresUpdater [(null)] - Read header response
2018-02-09 03:26:14,212 [5] INFO  Kres.Man.KresUpdater [(null)] - Header understood
2018-02-09 03:26:14,212 [5] INFO  Kres.Man.KresUpdater [(null)] - Written 16 header size, message 5 bytes
2018-02-09 03:26:14,212 [5] INFO  Kres.Man.KresUpdater [(null)] - Write message.
2018-02-09 03:26:14,212 [5] INFO  Kres.Man.KresUpdater [(null)] - Message written.
2018-02-09 03:26:14,212 [5] INFO  Kres.Man.KresUpdater [(null)] - Read response
2018-02-09 03:26:14,212 [5] INFO  Kres.Man.KresUpdater [(null)] - Message was sent successfully.
2018-02-09 03:26:14,212 [5] INFO  Kres.Man.KresUpdater [(null)] - Written 16 header size, message 5 bytes
2018-02-09 03:26:14,212 [5] INFO  Kres.Man.KresUpdater [(null)] - Write message.
2018-02-09 03:26:14,212 [5] INFO  Kres.Man.KresUpdater [(null)] - Message written.
2018-02-09 03:26:14,213 [5] INFO  Kres.Man.KresUpdater [(null)] - Read response
2018-02-09 03:26:14,213 [5] INFO  Kres.Man.KresUpdater [(null)] - Message was sent successfully.
2018-02-09 03:26:14,213 [5] INFO  Kres.Man.KresUpdater [(null)] - Written 16 header size, message 5 bytes
2018-02-09 03:26:14,213 [5] INFO  Kres.Man.KresUpdater [(null)] - Write message.
2018-02-09 03:26:14,213 [5] INFO  Kres.Man.KresUpdater [(null)] - Message written.
2018-02-09 03:26:14,213 [5] INFO  Kres.Man.KresUpdater [(null)] - Read response
2018-02-09 03:26:14,213 [5] INFO  Kres.Man.KresUpdater [(null)] - Message was sent successfully.
2018-02-09 03:26:14,213 [5] INFO  Kres.Man.KresUpdater [(null)] - Written 16 header size, message 5 bytes
2018-02-09 03:26:14,213 [5] INFO  Kres.Man.KresUpdater [(null)] - Write message.
2018-02-09 03:26:14,213 [5] INFO  Kres.Man.KresUpdater [(null)] - Message written.
2018-02-09 03:26:14,213 [5] INFO  Kres.Man.KresUpdater [(null)] - Read response
2018-02-09 03:26:14,213 [5] INFO  Kres.Man.KresUpdater [(null)] - Message was sent successfully.
2018-02-09 03:26:14,213 [5] INFO  Kres.Man.KresUpdater [(null)] - Written 16 header size, message 5 bytes
2018-02-09 03:26:14,213 [5] INFO  Kres.Man.KresUpdater [(null)] - Write message.
2018-02-09 03:26:14,213 [5] INFO  Kres.Man.KresUpdater [(null)] - Message written.
2018-02-09 03:26:14,213 [5] INFO  Kres.Man.KresUpdater [(null)] - Read response
2018-02-09 03:26:14,213 [5] INFO  Kres.Man.KresUpdater [(null)] - Message was sent successfully.
2018-02-09 03:26:14,213 [5] INFO  Kres.Man.KresUpdater [(null)] - Closingip stream.
2018-02-09 03:26:14,213 [5] INFO  Kres.Man.KresUpdater [(null)] - Return.
2018-02-09 03:26:14,213 [5] INFO  Kres.Man.KresUpdater [(null)] - Push buftype iprangepolicyid
2018-02-09 03:26:14,214 [5] INFO  Kres.Man.KresUpdater [(null)] - Get stream
2018-02-09 03:26:14,214 [5] INFO  Kres.Man.KresUpdater [(null)] - Written header
2018-02-09 03:26:14,214 [5] INFO  Kres.Man.KresUpdater [(null)] - Read header response
2018-02-09 03:26:14,214 [5] INFO  Kres.Man.KresUpdater [(null)] - Header understood
2018-02-09 03:26:14,214 [5] INFO  Kres.Man.KresUpdater [(null)] - Written 16 header size, message 4 bytes
2018-02-09 03:26:14,214 [5] INFO  Kres.Man.KresUpdater [(null)] - Write message.
2018-02-09 03:26:14,214 [5] INFO  Kres.Man.KresUpdater [(null)] - Message written.
2018-02-09 03:26:14,214 [5] INFO  Kres.Man.KresUpdater [(null)] - Read response
2018-02-09 03:26:14,214 [5] INFO  Kres.Man.KresUpdater [(null)] - Message was sent successfully.
2018-02-09 03:26:14,214 [5] INFO  Kres.Man.KresUpdater [(null)] - Written 16 header size, message 4 bytes
2018-02-09 03:26:14,214 [5] INFO  Kres.Man.KresUpdater [(null)] - Write message.
2018-02-09 03:26:14,214 [5] INFO  Kres.Man.KresUpdater [(null)] - Message written.
2018-02-09 03:26:14,214 [5] INFO  Kres.Man.KresUpdater [(null)] - Read response
2018-02-09 03:26:14,214 [5] INFO  Kres.Man.KresUpdater [(null)] - Message was sent successfully.
2018-02-09 03:26:14,214 [5] INFO  Kres.Man.KresUpdater [(null)] - Written 16 header size, message 4 bytes
2018-02-09 03:26:14,214 [5] INFO  Kres.Man.KresUpdater [(null)] - Write message.
2018-02-09 03:26:14,214 [5] INFO  Kres.Man.KresUpdater [(null)] - Message written.
2018-02-09 03:26:14,215 [5] INFO  Kres.Man.KresUpdater [(null)] - Read response
2018-02-09 03:26:14,215 [5] INFO  Kres.Man.KresUpdater [(null)] - Message was sent successfully.
2018-02-09 03:26:14,215 [5] INFO  Kres.Man.KresUpdater [(null)] - Written 16 header size, message 4 bytes
2018-02-09 03:26:14,215 [5] INFO  Kres.Man.KresUpdater [(null)] - Write message.
2018-02-09 03:26:14,215 [5] INFO  Kres.Man.KresUpdater [(null)] - Message written.
2018-02-09 03:26:14,215 [5] INFO  Kres.Man.KresUpdater [(null)] - Read response
2018-02-09 03:26:14,215 [5] INFO  Kres.Man.KresUpdater [(null)] - Message was sent successfully.
2018-02-09 03:26:14,215 [5] INFO  Kres.Man.KresUpdater [(null)] - Written 16 header size, message 4 bytes
2018-02-09 03:26:14,215 [5] INFO  Kres.Man.KresUpdater [(null)] - Write message.
2018-02-09 03:26:14,215 [5] INFO  Kres.Man.KresUpdater [(null)] - Message written.
2018-02-09 03:26:14,215 [5] INFO  Kres.Man.KresUpdater [(null)] - Read response
2018-02-09 03:26:14,215 [5] INFO  Kres.Man.KresUpdater [(null)] - Message was sent successfully.
2018-02-09 03:26:14,215 [5] INFO  Kres.Man.KresUpdater [(null)] - Closingip stream.
2018-02-09 03:26:14,215 [5] INFO  Kres.Man.KresUpdater [(null)] - Return.
2018-02-09 03:26:14,215 [5] INFO  Kres.Man.KresUpdater [(null)] - Push buftype swapcache
2018-02-09 03:26:14,215 [5] INFO  Kres.Man.KresUpdater [(null)] - Get stream
2018-02-09 03:26:14,216 [5] INFO  Kres.Man.KresUpdater [(null)] - Written header
2018-02-09 03:26:14,220 [5] INFO  Kres.Man.KresUpdater [(null)] - Read header response
2018-02-09 03:26:14,220 [5] INFO  Kres.Man.KresUpdater [(null)] - Header understood
2018-02-09 03:26:14,220 [5] INFO  Kres.Man.KresUpdater [(null)] - Closingip stream.
2018-02-09 03:26:14,220 [5] INFO  Kres.Man.KresUpdater [(null)] - Return.
2018-02-09 03:26:14,220 [5] INFO  Kres.Man.KresUpdater [(null)] - Push buftype swapfreebuffers
2018-02-09 03:26:14,221 [5] INFO  Kres.Man.KresUpdater [(null)] - Get stream
2018-02-09 03:26:14,222 [5] INFO  Kres.Man.KresUpdater [(null)] - Written header
2018-02-09 03:26:14,222 [5] INFO  Kres.Man.KresUpdater [(null)] - Read header response
2018-02-09 03:26:14,222 [5] INFO  Kres.Man.KresUpdater [(null)] - Header understood
2018-02-09 03:26:14,222 [5] INFO  Kres.Man.KresUpdater [(null)] - Closingip stream.
2018-02-09 03:26:14,222 [5] INFO  Kres.Man.KresUpdater [(null)] - Return.
2018-02-09 03:26:14,222 [5] INFO  Kres.Man.KresUpdater [(null)] - Updating 5 crc domains.
2018-02-09 03:26:14,222 [5] INFO  Kres.Man.KresUpdater [(null)] - Push buftype domainCrcBuffer
2018-02-09 03:26:14,222 [5] INFO  Kres.Man.KresUpdater [(null)] - Get stream
2018-02-09 03:26:14,222 [5] INFO  Kres.Man.KresUpdater [(null)] - Written header
2018-02-09 03:26:14,222 [5] INFO  Kres.Man.KresUpdater [(null)] - Read header response
2018-02-09 03:26:14,223 [5] INFO  Kres.Man.KresUpdater [(null)] - Header understood
2018-02-09 03:26:14,223 [5] INFO  Kres.Man.KresUpdater [(null)] - Written 16 header size, message 40 bytes
2018-02-09 03:26:14,223 [5] INFO  Kres.Man.KresUpdater [(null)] - Write message.
2018-02-09 03:26:14,223 [5] INFO  Kres.Man.KresUpdater [(null)] - Message written.
2018-02-09 03:26:14,223 [5] INFO  Kres.Man.KresUpdater [(null)] - Read response
2018-02-09 03:26:14,223 [5] INFO  Kres.Man.KresUpdater [(null)] - Message was sent successfully.
2018-02-09 03:26:14,223 [5] INFO  Kres.Man.KresUpdater [(null)] - Closingip stream.
2018-02-09 03:26:14,223 [5] INFO  Kres.Man.KresUpdater [(null)] - Return.
2018-02-09 03:26:14,223 [5] INFO  Kres.Man.KresUpdater [(null)] - Push buftype domainAccuracyBuffer
2018-02-09 03:26:14,223 [5] INFO  Kres.Man.KresUpdater [(null)] - Get stream
2018-02-09 03:26:14,223 [5] INFO  Kres.Man.KresUpdater [(null)] - Written header
2018-02-09 03:26:14,223 [5] INFO  Kres.Man.KresUpdater [(null)] - Read header response
2018-02-09 03:26:14,223 [5] INFO  Kres.Man.KresUpdater [(null)] - Header understood
2018-02-09 03:26:14,223 [5] INFO  Kres.Man.KresUpdater [(null)] - Written 16 header size, message 10 bytes
2018-02-09 03:26:14,224 [5] INFO  Kres.Man.KresUpdater [(null)] - Write message.
2018-02-09 03:26:14,224 [5] INFO  Kres.Man.KresUpdater [(null)] - Message written.
2018-02-09 03:26:14,224 [5] INFO  Kres.Man.KresUpdater [(null)] - Read response
2018-02-09 03:26:14,224 [5] INFO  Kres.Man.KresUpdater [(null)] - Message was sent successfully.
2018-02-09 03:26:14,224 [5] INFO  Kres.Man.KresUpdater [(null)] - Closingip stream.
2018-02-09 03:26:14,224 [5] INFO  Kres.Man.KresUpdater [(null)] - Return.
2018-02-09 03:26:14,224 [5] INFO  Kres.Man.KresUpdater [(null)] - Push buftype domainFlagsBuffer
2018-02-09 03:26:14,224 [5] INFO  Kres.Man.KresUpdater [(null)] - Get stream
2018-02-09 03:26:14,224 [5] INFO  Kres.Man.KresUpdater [(null)] - Written header
2018-02-09 03:26:14,224 [5] INFO  Kres.Man.KresUpdater [(null)] - Read header response
2018-02-09 03:26:14,224 [5] INFO  Kres.Man.KresUpdater [(null)] - Header understood
2018-02-09 03:26:14,224 [5] INFO  Kres.Man.KresUpdater [(null)] - Written 16 header size, message 40 bytes
2018-02-09 03:26:14,224 [5] INFO  Kres.Man.KresUpdater [(null)] - Write message.
2018-02-09 03:26:14,224 [5] INFO  Kres.Man.KresUpdater [(null)] - Message written.
2018-02-09 03:26:14,224 [5] INFO  Kres.Man.KresUpdater [(null)] - Read response
2018-02-09 03:26:14,225 [5] INFO  Kres.Man.KresUpdater [(null)] - Message was sent successfully.
2018-02-09 03:26:14,225 [5] INFO  Kres.Man.KresUpdater [(null)] - Closingip stream.
2018-02-09 03:26:14,225 [5] INFO  Kres.Man.KresUpdater [(null)] - Return.
2018-02-09 03:26:14,225 [5] INFO  Kres.Man.KresUpdater [(null)] - Updating 5 ip ranges.
2018-02-09 03:26:14,225 [5] INFO  Kres.Man.KresUpdater [(null)] - Push buftype iprangeipfrom
2018-02-09 03:26:14,225 [5] INFO  Kres.Man.KresUpdater [(null)] - Get stream
2018-02-09 03:26:14,225 [5] INFO  Kres.Man.KresUpdater [(null)] - Written header
2018-02-09 03:26:14,225 [5] INFO  Kres.Man.KresUpdater [(null)] - Read header response
2018-02-09 03:26:14,225 [5] INFO  Kres.Man.KresUpdater [(null)] - Header understood
2018-02-09 03:26:14,225 [5] INFO  Kres.Man.KresUpdater [(null)] - Written 16 header size, message 24 bytes
2018-02-09 03:26:14,225 [5] INFO  Kres.Man.KresUpdater [(null)] - Write message.
2018-02-09 03:26:14,225 [5] INFO  Kres.Man.KresUpdater [(null)] - Message written.
2018-02-09 03:26:14,225 [5] INFO  Kres.Man.KresUpdater [(null)] - Read response
2018-02-09 03:26:14,225 [5] INFO  Kres.Man.KresUpdater [(null)] - Message was sent successfully.
2018-02-09 03:26:14,225 [5] INFO  Kres.Man.KresUpdater [(null)] - Written 16 header size, message 24 bytes
2018-02-09 03:26:14,225 [5] INFO  Kres.Man.KresUpdater [(null)] - Write message.
2018-02-09 03:26:14,225 [5] INFO  Kres.Man.KresUpdater [(null)] - Message written.
2018-02-09 03:26:14,226 [5] INFO  Kres.Man.KresUpdater [(null)] - Read response
2018-02-09 03:26:14,226 [5] INFO  Kres.Man.KresUpdater [(null)] - Message was sent successfully.
2018-02-09 03:26:14,226 [5] INFO  Kres.Man.KresUpdater [(null)] - Written 16 header size, message 24 bytes
2018-02-09 03:26:14,226 [5] INFO  Kres.Man.KresUpdater [(null)] - Write message.
2018-02-09 03:26:14,226 [5] INFO  Kres.Man.KresUpdater [(null)] - Message written.
2018-02-09 03:26:14,226 [5] INFO  Kres.Man.KresUpdater [(null)] - Read response
2018-02-09 03:26:14,226 [5] INFO  Kres.Man.KresUpdater [(null)] - Message was sent successfully.
2018-02-09 03:26:14,226 [5] INFO  Kres.Man.KresUpdater [(null)] - Written 16 header size, message 24 bytes
2018-02-09 03:26:14,226 [5] INFO  Kres.Man.KresUpdater [(null)] - Write message.
2018-02-09 03:26:14,226 [5] INFO  Kres.Man.KresUpdater [(null)] - Message written.
2018-02-09 03:26:14,226 [5] INFO  Kres.Man.KresUpdater [(null)] - Read response
2018-02-09 03:26:14,226 [5] INFO  Kres.Man.KresUpdater [(null)] - Message was sent successfully.
2018-02-09 03:26:14,226 [5] INFO  Kres.Man.KresUpdater [(null)] - Written 16 header size, message 24 bytes
2018-02-09 03:26:14,226 [5] INFO  Kres.Man.KresUpdater [(null)] - Write message.
2018-02-09 03:26:14,226 [5] INFO  Kres.Man.KresUpdater [(null)] - Message written.
2018-02-09 03:26:14,226 [5] INFO  Kres.Man.KresUpdater [(null)] - Read response
2018-02-09 03:26:14,226 [5] INFO  Kres.Man.KresUpdater [(null)] - Message was sent successfully.
2018-02-09 03:26:14,226 [5] INFO  Kres.Man.KresUpdater [(null)] - Closingip stream.
2018-02-09 03:26:14,226 [5] INFO  Kres.Man.KresUpdater [(null)] - Return.
2018-02-09 03:26:14,226 [5] INFO  Kres.Man.KresUpdater [(null)] - Push buftype iprangeipto
2018-02-09 03:26:14,227 [5] INFO  Kres.Man.KresUpdater [(null)] - Get stream
2018-02-09 03:26:14,227 [5] INFO  Kres.Man.KresUpdater [(null)] - Written header
2018-02-09 03:26:14,227 [5] INFO  Kres.Man.KresUpdater [(null)] - Read header response
2018-02-09 03:26:14,227 [5] INFO  Kres.Man.KresUpdater [(null)] - Header understood
2018-02-09 03:26:14,227 [5] INFO  Kres.Man.KresUpdater [(null)] - Written 16 header size, message 24 bytes
2018-02-09 03:26:14,227 [5] INFO  Kres.Man.KresUpdater [(null)] - Write message.
2018-02-09 03:26:14,227 [5] INFO  Kres.Man.KresUpdater [(null)] - Message written.
2018-02-09 03:26:14,227 [5] INFO  Kres.Man.KresUpdater [(null)] - Read response
2018-02-09 03:26:14,227 [5] INFO  Kres.Man.KresUpdater [(null)] - Message was sent successfully.
2018-02-09 03:26:14,227 [5] INFO  Kres.Man.KresUpdater [(null)] - Written 16 header size, message 24 bytes
2018-02-09 03:26:14,227 [5] INFO  Kres.Man.KresUpdater [(null)] - Write message.
2018-02-09 03:26:14,227 [5] INFO  Kres.Man.KresUpdater [(null)] - Message written.
2018-02-09 03:26:14,227 [5] INFO  Kres.Man.KresUpdater [(null)] - Read response
2018-02-09 03:26:14,227 [5] INFO  Kres.Man.KresUpdater [(null)] - Message was sent successfully.
2018-02-09 03:26:14,227 [5] INFO  Kres.Man.KresUpdater [(null)] - Written 16 header size, message 24 bytes
2018-02-09 03:26:14,227 [5] INFO  Kres.Man.KresUpdater [(null)] - Write message.
2018-02-09 03:26:14,227 [5] INFO  Kres.Man.KresUpdater [(null)] - Message written.
2018-02-09 03:26:14,228 [5] INFO  Kres.Man.KresUpdater [(null)] - Read response
2018-02-09 03:26:14,228 [5] INFO  Kres.Man.KresUpdater [(null)] - Message was sent successfully.
2018-02-09 03:26:14,228 [5] INFO  Kres.Man.KresUpdater [(null)] - Written 16 header size, message 24 bytes
2018-02-09 03:26:14,228 [5] INFO  Kres.Man.KresUpdater [(null)] - Write message.
2018-02-09 03:26:14,228 [5] INFO  Kres.Man.KresUpdater [(null)] - Message written.
2018-02-09 03:26:14,228 [5] INFO  Kres.Man.KresUpdater [(null)] - Read response
2018-02-09 03:26:14,228 [5] INFO  Kres.Man.KresUpdater [(null)] - Message was sent successfully.
2018-02-09 03:26:14,228 [5] INFO  Kres.Man.KresUpdater [(null)] - Written 16 header size, message 24 bytes
2018-02-09 03:26:14,228 [5] INFO  Kres.Man.KresUpdater [(null)] - Write message.
2018-02-09 03:26:14,228 [5] INFO  Kres.Man.KresUpdater [(null)] - Message written.
2018-02-09 03:26:14,234 [5] INFO  Kres.Man.KresUpdater [(null)] - Read response
2018-02-09 03:26:14,234 [5] INFO  Kres.Man.KresUpdater [(null)] - Message was sent successfully.
2018-02-09 03:26:14,234 [5] INFO  Kres.Man.KresUpdater [(null)] - Closingip stream.
2018-02-09 03:26:14,234 [5] INFO  Kres.Man.KresUpdater [(null)] - Return.
2018-02-09 03:26:14,234 [5] INFO  Kres.Man.KresUpdater [(null)] - Push buftype iprangeidentity
2018-02-09 03:26:14,234 [5] INFO  Kres.Man.KresUpdater [(null)] - Get stream
2018-02-09 03:26:14,234 [5] INFO  Kres.Man.KresUpdater [(null)] - Written header
2018-02-09 03:26:14,235 [5] INFO  Kres.Man.KresUpdater [(null)] - Read header response
2018-02-09 03:26:14,235 [5] INFO  Kres.Man.KresUpdater [(null)] - Header understood
2018-02-09 03:26:14,235 [5] INFO  Kres.Man.KresUpdater [(null)] - Written 16 header size, message 5 bytes
2018-02-09 03:26:14,235 [5] INFO  Kres.Man.KresUpdater [(null)] - Write message.
2018-02-09 03:26:14,235 [5] INFO  Kres.Man.KresUpdater [(null)] - Message written.
2018-02-09 03:26:14,235 [5] INFO  Kres.Man.KresUpdater [(null)] - Read response
2018-02-09 03:26:14,235 [5] INFO  Kres.Man.KresUpdater [(null)] - Message was sent successfully.
2018-02-09 03:26:14,235 [5] INFO  Kres.Man.KresUpdater [(null)] - Written 16 header size, message 5 bytes
2018-02-09 03:26:14,235 [5] INFO  Kres.Man.KresUpdater [(null)] - Write message.
2018-02-09 03:26:14,235 [5] INFO  Kres.Man.KresUpdater [(null)] - Message written.
2018-02-09 03:26:14,235 [5] INFO  Kres.Man.KresUpdater [(null)] - Read response
2018-02-09 03:26:14,235 [5] INFO  Kres.Man.KresUpdater [(null)] - Message was sent successfully.
2018-02-09 03:26:14,235 [5] INFO  Kres.Man.KresUpdater [(null)] - Written 16 header size, message 5 bytes
2018-02-09 03:26:14,235 [5] INFO  Kres.Man.KresUpdater [(null)] - Write message.
2018-02-09 03:26:14,235 [5] INFO  Kres.Man.KresUpdater [(null)] - Message written.
2018-02-09 03:26:14,235 [5] INFO  Kres.Man.KresUpdater [(null)] - Read response
2018-02-09 03:26:14,235 [5] INFO  Kres.Man.KresUpdater [(null)] - Message was sent successfully.
2018-02-09 03:26:14,236 [5] INFO  Kres.Man.KresUpdater [(null)] - Written 16 header size, message 5 bytes
2018-02-09 03:26:14,236 [5] INFO  Kres.Man.KresUpdater [(null)] - Write message.
2018-02-09 03:26:14,236 [5] INFO  Kres.Man.KresUpdater [(null)] - Message written.
2018-02-09 03:26:14,236 [5] INFO  Kres.Man.KresUpdater [(null)] - Read response
2018-02-09 03:26:14,236 [5] INFO  Kres.Man.KresUpdater [(null)] - Message was sent successfully.
2018-02-09 03:26:14,236 [5] INFO  Kres.Man.KresUpdater [(null)] - Written 16 header size, message 5 bytes
2018-02-09 03:26:14,236 [5] INFO  Kres.Man.KresUpdater [(null)] - Write message.
2018-02-09 03:26:14,236 [5] INFO  Kres.Man.KresUpdater [(null)] - Message written.
2018-02-09 03:26:14,236 [5] INFO  Kres.Man.KresUpdater [(null)] - Read response
2018-02-09 03:26:14,236 [5] INFO  Kres.Man.KresUpdater [(null)] - Message was sent successfully.
2018-02-09 03:26:14,236 [5] INFO  Kres.Man.KresUpdater [(null)] - Closingip stream.
2018-02-09 03:26:14,236 [5] INFO  Kres.Man.KresUpdater [(null)] - Return.
2018-02-09 03:26:14,236 [5] INFO  Kres.Man.KresUpdater [(null)] - Push buftype iprangepolicyid
2018-02-09 03:26:14,236 [5] INFO  Kres.Man.KresUpdater [(null)] - Get stream
2018-02-09 03:26:14,236 [5] INFO  Kres.Man.KresUpdater [(null)] - Written header
2018-02-09 03:26:14,236 [5] INFO  Kres.Man.KresUpdater [(null)] - Read header response
2018-02-09 03:26:14,236 [5] INFO  Kres.Man.KresUpdater [(null)] - Header understood
2018-02-09 03:26:14,237 [5] INFO  Kres.Man.KresUpdater [(null)] - Written 16 header size, message 4 bytes
2018-02-09 03:26:14,237 [5] INFO  Kres.Man.KresUpdater [(null)] - Write message.
2018-02-09 03:26:14,237 [5] INFO  Kres.Man.KresUpdater [(null)] - Message written.
2018-02-09 03:26:14,237 [5] INFO  Kres.Man.KresUpdater [(null)] - Read response
2018-02-09 03:26:14,237 [5] INFO  Kres.Man.KresUpdater [(null)] - Message was sent successfully.
2018-02-09 03:26:14,237 [5] INFO  Kres.Man.KresUpdater [(null)] - Written 16 header size, message 4 bytes
2018-02-09 03:26:14,237 [5] INFO  Kres.Man.KresUpdater [(null)] - Write message.
2018-02-09 03:26:14,237 [5] INFO  Kres.Man.KresUpdater [(null)] - Message written.
2018-02-09 03:26:14,237 [5] INFO  Kres.Man.KresUpdater [(null)] - Read response
2018-02-09 03:26:14,237 [5] INFO  Kres.Man.KresUpdater [(null)] - Message was sent successfully.
2018-02-09 03:26:14,237 [5] INFO  Kres.Man.KresUpdater [(null)] - Written 16 header size, message 4 bytes
2018-02-09 03:26:14,237 [5] INFO  Kres.Man.KresUpdater [(null)] - Write message.
2018-02-09 03:26:14,237 [5] INFO  Kres.Man.KresUpdater [(null)] - Message written.
2018-02-09 03:26:14,237 [5] INFO  Kres.Man.KresUpdater [(null)] - Read response
2018-02-09 03:26:14,237 [5] INFO  Kres.Man.KresUpdater [(null)] - Message was sent successfully.
2018-02-09 03:26:14,237 [5] INFO  Kres.Man.KresUpdater [(null)] - Written 16 header size, message 4 bytes
2018-02-09 03:26:14,237 [5] INFO  Kres.Man.KresUpdater [(null)] - Write message.
2018-02-09 03:26:14,237 [5] INFO  Kres.Man.KresUpdater [(null)] - Message written.
2018-02-09 03:26:14,238 [5] INFO  Kres.Man.KresUpdater [(null)] - Read response
2018-02-09 03:26:14,238 [5] INFO  Kres.Man.KresUpdater [(null)] - Message was sent successfully.
2018-02-09 03:26:14,238 [5] INFO  Kres.Man.KresUpdater [(null)] - Written 16 header size, message 4 bytes
2018-02-09 03:26:14,238 [5] INFO  Kres.Man.KresUpdater [(null)] - Write message.
2018-02-09 03:26:14,238 [5] INFO  Kres.Man.KresUpdater [(null)] - Message written.
2018-02-09 03:26:14,238 [5] INFO  Kres.Man.KresUpdater [(null)] - Read response
2018-02-09 03:26:14,238 [5] INFO  Kres.Man.KresUpdater [(null)] - Message was sent successfully.
2018-02-09 03:26:14,238 [5] INFO  Kres.Man.KresUpdater [(null)] - Closingip stream.
2018-02-09 03:26:14,238 [5] INFO  Kres.Man.KresUpdater [(null)] - Return.
2018-02-09 03:26:14,238 [5] INFO  Kres.Man.KresUpdater [(null)] - Push buftype swapcache
2018-02-09 03:26:14,238 [5] INFO  Kres.Man.KresUpdater [(null)] - Get stream
2018-02-09 03:26:14,238 [5] INFO  Kres.Man.KresUpdater [(null)] - Written header
2018-02-09 03:26:14,238 [5] INFO  Kres.Man.KresUpdater [(null)] - Read header response
2018-02-09 03:26:14,238 [5] INFO  Kres.Man.KresUpdater [(null)] - Header understood
2018-02-09 03:26:14,238 [5] INFO  Kres.Man.KresUpdater [(null)] - Closingip stream.
2018-02-09 03:26:14,238 [5] INFO  Kres.Man.KresUpdater [(null)] - Return.
2018-02-09 03:26:14,238 [5] INFO  Kres.Man.KresUpdater [(null)] - Push buftype swapfreebuffers
2018-02-09 03:26:14,239 [5] INFO  Kres.Man.KresUpdater [(null)] - Get stream
2018-02-09 03:26:14,239 [5] INFO  Kres.Man.KresUpdater [(null)] - Written header
2018-02-09 03:26:14,239 [5] INFO  Kres.Man.KresUpdater [(null)] - Read header response
2018-02-09 03:26:14,239 [5] INFO  Kres.Man.KresUpdater [(null)] - Header understood
2018-02-09 03:26:14,239 [5] INFO  Kres.Man.KresUpdater [(null)] - Closingip stream.
2018-02-09 03:26:14,239 [5] INFO  Kres.Man.KresUpdater [(null)] - Return.
2018-02-09 03:26:14,239 [5] INFO  Kres.Man.KresUpdater [(null)] - Updating 5 crc domains.
2018-02-09 03:26:14,239 [5] INFO  Kres.Man.KresUpdater [(null)] - Push buftype domainCrcBuffer
2018-02-09 03:26:14,240 [5] INFO  Kres.Man.KresUpdater [(null)] - Get stream
2018-02-09 03:26:14,240 [5] INFO  Kres.Man.KresUpdater [(null)] - Written header
2018-02-09 03:26:14,240 [5] INFO  Kres.Man.KresUpdater [(null)] - Read header response
2018-02-09 03:26:14,240 [5] INFO  Kres.Man.KresUpdater [(null)] - Header understood
2018-02-09 03:26:14,240 [5] INFO  Kres.Man.KresUpdater [(null)] - Written 16 header size, message 40 bytes
2018-02-09 03:26:14,240 [5] INFO  Kres.Man.KresUpdater [(null)] - Write message.
2018-02-09 03:26:14,240 [5] INFO  Kres.Man.KresUpdater [(null)] - Message written.
2018-02-09 03:26:14,240 [5] INFO  Kres.Man.KresUpdater [(null)] - Read response
2018-02-09 03:26:14,240 [5] INFO  Kres.Man.KresUpdater [(null)] - Message was sent successfully.
2018-02-09 03:26:14,240 [5] INFO  Kres.Man.KresUpdater [(null)] - Closingip stream.
2018-02-09 03:26:14,240 [5] INFO  Kres.Man.KresUpdater [(null)] - Return.
2018-02-09 03:26:14,240 [5] INFO  Kres.Man.KresUpdater [(null)] - Push buftype domainAccuracyBuffer
2018-02-09 03:26:14,240 [5] INFO  Kres.Man.KresUpdater [(null)] - Get stream
2018-02-09 03:26:14,241 [5] INFO  Kres.Man.KresUpdater [(null)] - Written header
2018-02-09 03:26:14,241 [5] INFO  Kres.Man.KresUpdater [(null)] - Read header response
2018-02-09 03:26:14,241 [5] INFO  Kres.Man.KresUpdater [(null)] - Header understood
2018-02-09 03:26:14,241 [5] INFO  Kres.Man.KresUpdater [(null)] - Written 16 header size, message 10 bytes
2018-02-09 03:26:14,241 [5] INFO  Kres.Man.KresUpdater [(null)] - Write message.
2018-02-09 03:26:14,241 [5] INFO  Kres.Man.KresUpdater [(null)] - Message written.
2018-02-09 03:26:14,241 [5] INFO  Kres.Man.KresUpdater [(null)] - Read response
2018-02-09 03:26:14,241 [5] INFO  Kres.Man.KresUpdater [(null)] - Message was sent successfully.
2018-02-09 03:26:14,241 [5] INFO  Kres.Man.KresUpdater [(null)] - Closingip stream.
2018-02-09 03:26:14,241 [5] INFO  Kres.Man.KresUpdater [(null)] - Return.
2018-02-09 03:26:14,241 [5] INFO  Kres.Man.KresUpdater [(null)] - Push buftype domainFlagsBuffer
2018-02-09 03:26:14,241 [5] INFO  Kres.Man.KresUpdater [(null)] - Get stream
2018-02-09 03:26:14,241 [5] INFO  Kres.Man.KresUpdater [(null)] - Written header
2018-02-09 03:26:14,241 [5] INFO  Kres.Man.KresUpdater [(null)] - Read header response
2018-02-09 03:26:14,243 [5] INFO  Kres.Man.KresUpdater [(null)] - Header understood
2018-02-09 03:26:14,243 [5] INFO  Kres.Man.KresUpdater [(null)] - Written 16 header size, message 40 bytes
2018-02-09 03:26:14,243 [5] INFO  Kres.Man.KresUpdater [(null)] - Write message.
2018-02-09 03:26:14,243 [5] INFO  Kres.Man.KresUpdater [(null)] - Message written.
2018-02-09 03:26:14,247 [5] INFO  Kres.Man.KresUpdater [(null)] - Read response
2018-02-09 03:26:14,247 [5] INFO  Kres.Man.KresUpdater [(null)] - Message was sent successfully.
2018-02-09 03:26:14,247 [5] INFO  Kres.Man.KresUpdater [(null)] - Closingip stream.
2018-02-09 03:26:14,247 [5] INFO  Kres.Man.KresUpdater [(null)] - Return.
2018-02-09 03:26:14,247 [5] INFO  Kres.Man.KresUpdater [(null)] - Updating 5 ip ranges.
2018-02-09 03:26:14,247 [5] INFO  Kres.Man.KresUpdater [(null)] - Push buftype iprangeipfrom
2018-02-09 03:26:14,247 [5] INFO  Kres.Man.KresUpdater [(null)] - Get stream
2018-02-09 03:26:14,247 [5] INFO  Kres.Man.KresUpdater [(null)] - Written header
2018-02-09 03:26:14,247 [5] INFO  Kres.Man.KresUpdater [(null)] - Read header response
2018-02-09 03:26:14,248 [5] INFO  Kres.Man.KresUpdater [(null)] - Header understood
2018-02-09 03:26:14,248 [5] INFO  Kres.Man.KresUpdater [(null)] - Written 16 header size, message 24 bytes
2018-02-09 03:26:14,248 [5] INFO  Kres.Man.KresUpdater [(null)] - Write message.
2018-02-09 03:26:14,248 [5] INFO  Kres.Man.KresUpdater [(null)] - Message written.
2018-02-09 03:26:14,248 [5] INFO  Kres.Man.KresUpdater [(null)] - Read response
2018-02-09 03:26:14,248 [5] INFO  Kres.Man.KresUpdater [(null)] - Message was sent successfully.
2018-02-09 03:26:14,248 [5] INFO  Kres.Man.KresUpdater [(null)] - Written 16 header size, message 24 bytes
2018-02-09 03:26:14,248 [5] INFO  Kres.Man.KresUpdater [(null)] - Write message.
2018-02-09 03:26:14,248 [5] INFO  Kres.Man.KresUpdater [(null)] - Message written.
2018-02-09 03:26:14,248 [5] INFO  Kres.Man.KresUpdater [(null)] - Read response
2018-02-09 03:26:14,248 [5] INFO  Kres.Man.KresUpdater [(null)] - Message was sent successfully.
2018-02-09 03:26:14,248 [5] INFO  Kres.Man.KresUpdater [(null)] - Written 16 header size, message 24 bytes
2018-02-09 03:26:14,248 [5] INFO  Kres.Man.KresUpdater [(null)] - Write message.
2018-02-09 03:26:14,248 [5] INFO  Kres.Man.KresUpdater [(null)] - Message written.
2018-02-09 03:26:14,248 [5] INFO  Kres.Man.KresUpdater [(null)] - Read response
2018-02-09 03:26:14,248 [5] INFO  Kres.Man.KresUpdater [(null)] - Message was sent successfully.
2018-02-09 03:26:14,248 [5] INFO  Kres.Man.KresUpdater [(null)] - Written 16 header size, message 24 bytes
2018-02-09 03:26:14,248 [5] INFO  Kres.Man.KresUpdater [(null)] - Write message.
2018-02-09 03:26:14,248 [5] INFO  Kres.Man.KresUpdater [(null)] - Message written.
2018-02-09 03:26:14,249 [5] INFO  Kres.Man.KresUpdater [(null)] - Read response
2018-02-09 03:26:14,249 [5] INFO  Kres.Man.KresUpdater [(null)] - Message was sent successfully.
2018-02-09 03:26:14,249 [5] INFO  Kres.Man.KresUpdater [(null)] - Written 16 header size, message 24 bytes
2018-02-09 03:26:14,249 [5] INFO  Kres.Man.KresUpdater [(null)] - Write message.
2018-02-09 03:26:14,249 [5] INFO  Kres.Man.KresUpdater [(null)] - Message written.
2018-02-09 03:26:14,249 [5] INFO  Kres.Man.KresUpdater [(null)] - Read response
2018-02-09 03:26:14,249 [5] INFO  Kres.Man.KresUpdater [(null)] - Message was sent successfully.
2018-02-09 03:26:14,249 [5] INFO  Kres.Man.KresUpdater [(null)] - Closingip stream.
2018-02-09 03:26:14,249 [5] INFO  Kres.Man.KresUpdater [(null)] - Return.
2018-02-09 03:26:14,249 [5] INFO  Kres.Man.KresUpdater [(null)] - Push buftype iprangeipto
2018-02-09 03:26:14,249 [5] INFO  Kres.Man.KresUpdater [(null)] - Get stream
2018-02-09 03:26:14,249 [5] INFO  Kres.Man.KresUpdater [(null)] - Written header
2018-02-09 03:26:14,249 [5] INFO  Kres.Man.KresUpdater [(null)] - Read header response
2018-02-09 03:26:14,249 [5] INFO  Kres.Man.KresUpdater [(null)] - Header understood
2018-02-09 03:26:14,249 [5] INFO  Kres.Man.KresUpdater [(null)] - Written 16 header size, message 24 bytes
2018-02-09 03:26:14,249 [5] INFO  Kres.Man.KresUpdater [(null)] - Write message.
2018-02-09 03:26:14,250 [5] INFO  Kres.Man.KresUpdater [(null)] - Message written.
2018-02-09 03:26:14,250 [5] INFO  Kres.Man.KresUpdater [(null)] - Read response
2018-02-09 03:26:14,250 [5] INFO  Kres.Man.KresUpdater [(null)] - Message was sent successfully.
2018-02-09 03:26:14,250 [5] INFO  Kres.Man.KresUpdater [(null)] - Written 16 header size, message 24 bytes
2018-02-09 03:26:14,250 [5] INFO  Kres.Man.KresUpdater [(null)] - Write message.
2018-02-09 03:26:14,250 [5] INFO  Kres.Man.KresUpdater [(null)] - Message written.
2018-02-09 03:26:14,250 [5] INFO  Kres.Man.KresUpdater [(null)] - Read response
2018-02-09 03:26:14,250 [5] INFO  Kres.Man.KresUpdater [(null)] - Message was sent successfully.
2018-02-09 03:26:14,250 [5] INFO  Kres.Man.KresUpdater [(null)] - Written 16 header size, message 24 bytes
2018-02-09 03:26:14,250 [5] INFO  Kres.Man.KresUpdater [(null)] - Write message.
2018-02-09 03:26:14,250 [5] INFO  Kres.Man.KresUpdater [(null)] - Message written.
2018-02-09 03:26:14,251 [5] INFO  Kres.Man.KresUpdater [(null)] - Read response
2018-02-09 03:26:14,251 [5] INFO  Kres.Man.KresUpdater [(null)] - Message was sent successfully.
2018-02-09 03:26:14,251 [5] INFO  Kres.Man.KresUpdater [(null)] - Written 16 header size, message 24 bytes
2018-02-09 03:26:14,251 [5] INFO  Kres.Man.KresUpdater [(null)] - Write message.
2018-02-09 03:26:14,251 [5] INFO  Kres.Man.KresUpdater [(null)] - Message written.
2018-02-09 03:26:14,251 [5] INFO  Kres.Man.KresUpdater [(null)] - Read response
2018-02-09 03:26:14,251 [5] INFO  Kres.Man.KresUpdater [(null)] - Message was sent successfully.
2018-02-09 03:26:14,252 [5] INFO  Kres.Man.KresUpdater [(null)] - Written 16 header size, message 24 bytes
2018-02-09 03:26:14,252 [5] INFO  Kres.Man.KresUpdater [(null)] - Write message.
2018-02-09 03:26:14,252 [5] INFO  Kres.Man.KresUpdater [(null)] - Message written.
2018-02-09 03:26:14,252 [5] INFO  Kres.Man.KresUpdater [(null)] - Read response
2018-02-09 03:26:14,252 [5] INFO  Kres.Man.KresUpdater [(null)] - Message was sent successfully.
2018-02-09 03:26:14,253 [5] INFO  Kres.Man.KresUpdater [(null)] - Closingip stream.
2018-02-09 03:26:14,253 [5] INFO  Kres.Man.KresUpdater [(null)] - Return.
2018-02-09 03:26:14,253 [5] INFO  Kres.Man.KresUpdater [(null)] - Push buftype iprangeidentity
2018-02-09 03:26:14,253 [5] INFO  Kres.Man.KresUpdater [(null)] - Get stream
2018-02-09 03:26:14,253 [5] INFO  Kres.Man.KresUpdater [(null)] - Written header
2018-02-09 03:26:14,253 [5] INFO  Kres.Man.KresUpdater [(null)] - Read header response
2018-02-09 03:26:14,253 [5] INFO  Kres.Man.KresUpdater [(null)] - Header understood
2018-02-09 03:26:14,253 [5] INFO  Kres.Man.KresUpdater [(null)] - Written 16 header size, message 5 bytes
2018-02-09 03:26:14,253 [5] INFO  Kres.Man.KresUpdater [(null)] - Write message.
2018-02-09 03:26:14,253 [5] INFO  Kres.Man.KresUpdater [(null)] - Message written.
2018-02-09 03:26:14,253 [5] INFO  Kres.Man.KresUpdater [(null)] - Read response
2018-02-09 03:26:14,253 [5] INFO  Kres.Man.KresUpdater [(null)] - Message was sent successfully.
2018-02-09 03:26:14,253 [5] INFO  Kres.Man.KresUpdater [(null)] - Written 16 header size, message 5 bytes
2018-02-09 03:26:14,253 [5] INFO  Kres.Man.KresUpdater [(null)] - Write message.
2018-02-09 03:26:14,253 [5] INFO  Kres.Man.KresUpdater [(null)] - Message written.
2018-02-09 03:26:14,254 [5] INFO  Kres.Man.KresUpdater [(null)] - Read response
2018-02-09 03:26:14,254 [5] INFO  Kres.Man.KresUpdater [(null)] - Message was sent successfully.
2018-02-09 03:26:14,254 [5] INFO  Kres.Man.KresUpdater [(null)] - Written 16 header size, message 5 bytes
2018-02-09 03:26:14,254 [5] INFO  Kres.Man.KresUpdater [(null)] - Write message.
2018-02-09 03:26:14,254 [5] INFO  Kres.Man.KresUpdater [(null)] - Message written.
2018-02-09 03:26:14,254 [5] INFO  Kres.Man.KresUpdater [(null)] - Read response
2018-02-09 03:26:14,254 [5] INFO  Kres.Man.KresUpdater [(null)] - Message was sent successfully.
2018-02-09 03:26:14,254 [5] INFO  Kres.Man.KresUpdater [(null)] - Written 16 header size, message 5 bytes
2018-02-09 03:26:14,254 [5] INFO  Kres.Man.KresUpdater [(null)] - Write message.
2018-02-09 03:26:14,254 [5] INFO  Kres.Man.KresUpdater [(null)] - Message written.
2018-02-09 03:26:14,254 [5] INFO  Kres.Man.KresUpdater [(null)] - Read response
2018-02-09 03:26:14,254 [5] INFO  Kres.Man.KresUpdater [(null)] - Message was sent successfully.
2018-02-09 03:26:14,254 [5] INFO  Kres.Man.KresUpdater [(null)] - Written 16 header size, message 5 bytes
2018-02-09 03:26:14,254 [5] INFO  Kres.Man.KresUpdater [(null)] - Write message.
2018-02-09 03:26:14,254 [5] INFO  Kres.Man.KresUpdater [(null)] - Message written.
2018-02-09 03:26:14,254 [5] INFO  Kres.Man.KresUpdater [(null)] - Read response
2018-02-09 03:26:14,254 [5] INFO  Kres.Man.KresUpdater [(null)] - Message was sent successfully.
2018-02-09 03:26:14,254 [5] INFO  Kres.Man.KresUpdater [(null)] - Closingip stream.
2018-02-09 03:26:14,254 [5] INFO  Kres.Man.KresUpdater [(null)] - Return.
2018-02-09 03:26:14,254 [5] INFO  Kres.Man.KresUpdater [(null)] - Push buftype iprangepolicyid
2018-02-09 03:26:14,255 [5] INFO  Kres.Man.KresUpdater [(null)] - Get stream
2018-02-09 03:26:14,255 [5] INFO  Kres.Man.KresUpdater [(null)] - Written header
2018-02-09 03:26:14,259 [5] INFO  Kres.Man.KresUpdater [(null)] - Read header response
2018-02-09 03:26:14,259 [5] INFO  Kres.Man.KresUpdater [(null)] - Header understood
2018-02-09 03:26:14,259 [5] INFO  Kres.Man.KresUpdater [(null)] - Written 16 header size, message 4 bytes
2018-02-09 03:26:14,259 [5] INFO  Kres.Man.KresUpdater [(null)] - Write message.
2018-02-09 03:26:14,259 [5] INFO  Kres.Man.KresUpdater [(null)] - Message written.
2018-02-09 03:26:14,259 [5] INFO  Kres.Man.KresUpdater [(null)] - Read response
2018-02-09 03:26:14,259 [5] INFO  Kres.Man.KresUpdater [(null)] - Message was sent successfully.
2018-02-09 03:26:14,259 [5] INFO  Kres.Man.KresUpdater [(null)] - Written 16 header size, message 4 bytes
2018-02-09 03:26:14,260 [5] INFO  Kres.Man.KresUpdater [(null)] - Write message.
2018-02-09 03:26:14,260 [5] INFO  Kres.Man.KresUpdater [(null)] - Message written.
2018-02-09 03:26:14,260 [5] INFO  Kres.Man.KresUpdater [(null)] - Read response
2018-02-09 03:26:14,260 [5] INFO  Kres.Man.KresUpdater [(null)] - Message was sent successfully.
2018-02-09 03:26:14,260 [5] INFO  Kres.Man.KresUpdater [(null)] - Written 16 header size, message 4 bytes
2018-02-09 03:26:14,260 [5] INFO  Kres.Man.KresUpdater [(null)] - Write message.
2018-02-09 03:26:14,260 [5] INFO  Kres.Man.KresUpdater [(null)] - Message written.
2018-02-09 03:26:14,260 [5] INFO  Kres.Man.KresUpdater [(null)] - Read response
2018-02-09 03:26:14,260 [5] INFO  Kres.Man.KresUpdater [(null)] - Message was sent successfully.
2018-02-09 03:26:14,260 [5] INFO  Kres.Man.KresUpdater [(null)] - Written 16 header size, message 4 bytes
2018-02-09 03:26:14,260 [5] INFO  Kres.Man.KresUpdater [(null)] - Write message.
2018-02-09 03:26:14,260 [5] INFO  Kres.Man.KresUpdater [(null)] - Message written.
2018-02-09 03:26:14,261 [5] INFO  Kres.Man.KresUpdater [(null)] - Read response
2018-02-09 03:26:14,262 [5] INFO  Kres.Man.KresUpdater [(null)] - Message was sent successfully.
2018-02-09 03:26:14,262 [5] INFO  Kres.Man.KresUpdater [(null)] - Written 16 header size, message 4 bytes
2018-02-09 03:26:14,262 [5] INFO  Kres.Man.KresUpdater [(null)] - Write message.
2018-02-09 03:26:14,262 [5] INFO  Kres.Man.KresUpdater [(null)] - Message written.
2018-02-09 03:26:14,262 [5] INFO  Kres.Man.KresUpdater [(null)] - Read response
2018-02-09 03:26:14,262 [5] INFO  Kres.Man.KresUpdater [(null)] - Message was sent successfully.
2018-02-09 03:26:14,262 [5] INFO  Kres.Man.KresUpdater [(null)] - Closingip stream.
2018-02-09 03:26:14,262 [5] INFO  Kres.Man.KresUpdater [(null)] - Return.
2018-02-09 03:26:14,262 [5] INFO  Kres.Man.KresUpdater [(null)] - Push buftype swapcache
2018-02-09 03:26:14,262 [5] INFO  Kres.Man.KresUpdater [(null)] - Get stream
2018-02-09 03:26:14,262 [5] INFO  Kres.Man.KresUpdater [(null)] - Written header
2018-02-09 03:26:14,262 [5] INFO  Kres.Man.KresUpdater [(null)] - Read header response
2018-02-09 03:26:14,262 [5] INFO  Kres.Man.KresUpdater [(null)] - Header understood
2018-02-09 03:26:14,262 [5] INFO  Kres.Man.KresUpdater [(null)] - Closingip stream.
2018-02-09 03:26:14,263 [5] INFO  Kres.Man.KresUpdater [(null)] - Return.
2018-02-09 03:26:14,263 [5] INFO  Kres.Man.KresUpdater [(null)] - Push buftype swapfreebuffers
2018-02-09 03:26:14,263 [5] INFO  Kres.Man.KresUpdater [(null)] - Get stream
2018-02-09 03:26:14,263 [5] INFO  Kres.Man.KresUpdater [(null)] - Written header
2018-02-09 03:26:14,263 [5] INFO  Kres.Man.KresUpdater [(null)] - Read header response
2018-02-09 03:26:14,263 [5] INFO  Kres.Man.KresUpdater [(null)] - Header understood
2018-02-09 03:26:14,263 [5] INFO  Kres.Man.KresUpdater [(null)] - Closingip stream.
2018-02-09 03:26:14,263 [5] INFO  Kres.Man.KresUpdater [(null)] - Return.
2018-02-09 03:26:14,263 [5] INFO  Kres.Man.KresUpdater [(null)] - Updating 5 crc domains.
2018-02-09 03:26:14,263 [5] INFO  Kres.Man.KresUpdater [(null)] - Push buftype domainCrcBuffer
2018-02-09 03:26:14,263 [5] INFO  Kres.Man.KresUpdater [(null)] - Get stream
2018-02-09 03:26:14,264 [5] INFO  Kres.Man.KresUpdater [(null)] - Written header
2018-02-09 03:26:14,264 [5] INFO  Kres.Man.KresUpdater [(null)] - Read header response
2018-02-09 03:26:14,264 [5] INFO  Kres.Man.KresUpdater [(null)] - Header understood
2018-02-09 03:26:14,264 [5] INFO  Kres.Man.KresUpdater [(null)] - Written 16 header size, message 40 bytes
2018-02-09 03:26:14,264 [5] INFO  Kres.Man.KresUpdater [(null)] - Write message.
2018-02-09 03:26:14,264 [5] INFO  Kres.Man.KresUpdater [(null)] - Message written.
2018-02-09 03:26:14,264 [5] INFO  Kres.Man.KresUpdater [(null)] - Read response
2018-02-09 03:26:14,264 [5] INFO  Kres.Man.KresUpdater [(null)] - Message was sent successfully.
2018-02-09 03:26:14,264 [5] INFO  Kres.Man.KresUpdater [(null)] - Closingip stream.
2018-02-09 03:26:14,264 [5] INFO  Kres.Man.KresUpdater [(null)] - Return.
2018-02-09 03:26:14,264 [5] INFO  Kres.Man.KresUpdater [(null)] - Push buftype domainAccuracyBuffer
2018-02-09 03:26:14,265 [5] INFO  Kres.Man.KresUpdater [(null)] - Get stream
2018-02-09 03:26:14,265 [5] INFO  Kres.Man.KresUpdater [(null)] - Written header
2018-02-09 03:26:14,265 [5] INFO  Kres.Man.KresUpdater [(null)] - Read header response
2018-02-09 03:26:14,265 [5] INFO  Kres.Man.KresUpdater [(null)] - Header understood
2018-02-09 03:26:14,265 [5] INFO  Kres.Man.KresUpdater [(null)] - Written 16 header size, message 10 bytes
2018-02-09 03:26:14,265 [5] INFO  Kres.Man.KresUpdater [(null)] - Write message.
2018-02-09 03:26:14,265 [5] INFO  Kres.Man.KresUpdater [(null)] - Message written.
2018-02-09 03:26:14,265 [5] INFO  Kres.Man.KresUpdater [(null)] - Read response
2018-02-09 03:26:14,265 [5] INFO  Kres.Man.KresUpdater [(null)] - Message was sent successfully.
2018-02-09 03:26:14,265 [5] INFO  Kres.Man.KresUpdater [(null)] - Closingip stream.
2018-02-09 03:26:14,265 [5] INFO  Kres.Man.KresUpdater [(null)] - Return.
2018-02-09 03:26:14,265 [5] INFO  Kres.Man.KresUpdater [(null)] - Push buftype domainFlagsBuffer
2018-02-09 03:26:14,305 [5] FATAL Kres.Man.KresUpdater [(null)] - System.Net.Internals.SocketExceptionFactory+ExtendedSocketException (0x80004005): Only one usage of each socket address (protocol/network address/port) is normally permitted 127.0.0.1:8888
   at System.Net.Sockets.Socket.DoConnect(EndPoint endPointSnapshot, SocketAddress socketAddress)
   at System.Net.Sockets.Socket.Connect(EndPoint remoteEP)
   at System.Net.Sockets.Socket.Connect(IPAddress address, Int32 port)
   at Kres.Man.KresUpdater.Push(bufferType buftype, IEnumerable`1 data) in C:\Git\Sink\Kres.Man\KresUpdater.cs:line 42
   at Kres.Man.Listener.pushDomainFlagsBuffer(List`1 buffer) in C:\Git\Sink\Kres.Man\Listener.cs:line 65
   at Kres.Man.KresUpdater.UpdateDomains() in C:\Git\Sink\Kres.Man\KresUpdater.cs:line 175
   at Kres.Man.KresUpdater.ThreadProc() in C:\Git\Sink\Kres.Man\KresUpdater.cs:line 137
2018-02-16 15:14:59,841 [2] INFO  Kres.Man.Program [(null)] - Main
2018-02-16 15:14:59,892 [2] INFO  Kres.Man.Program [(null)] - Load CSVs.
2018-02-16 15:14:59,974 [2] INFO  Kres.Man.Program [(null)] - Starting UDP Server
2018-02-16 15:14:59,975 [2] INFO  Kres.Man.Program [(null)] - Starting CoreClient Updater
2018-02-16 15:14:59,977 [2] INFO  Kres.Man.Program [(null)] - Starting HTTP Listener
2018-02-16 15:14:59,982 [2] INFO  Kres.Man.Program [(null)] - Starting Knot-Resolver Updater
2018-02-16 15:14:59,982 [4] INFO  Kres.Man.CoreClient [(null)] - Starting CoreClient thread.
2018-02-16 15:14:59,984 [3] INFO  Kres.Man.UdpServer [(null)] - Starting UDP Server thread.
2018-02-16 15:14:59,986 [5] INFO  Kres.Man.KresUpdater [(null)] - Starting KresUpdater thread.
2018-02-16 15:14:59,986 [5] INFO  Kres.Man.KresUpdater [(null)] - Load CSVs.
2018-02-16 15:14:59,987 [5] INFO  Kres.Man.KresUpdater [(null)] - KresUpdater loop.
2018-02-16 15:15:00,002 [6] INFO  Kres.Man.Listener [(null)] - Starting Listener thread.
2018-02-16 15:15:00,002 [6] INFO  Kres.Man.Listener [(null)] - Starting listener.
2018-02-16 15:15:00,165 [6] INFO  Kres.Man.Listener [(null)] - Waiting for listener context.
2018-02-16 15:15:01,204 [5] FATAL Kres.Man.KresUpdater [(null)] - System.Net.Internals.SocketExceptionFactory+ExtendedSocketException (0x80004005): No connection could be made because the target machine actively refused it 127.0.0.1:8888
   at System.Net.Sockets.Socket.DoConnect(EndPoint endPointSnapshot, SocketAddress socketAddress)
   at System.Net.Sockets.Socket.Connect(EndPoint remoteEP)
   at System.Net.Sockets.Socket.Connect(IPAddress address, Int32 port)
   at Kres.Man.KresUpdater.Push(bufferType buftype, IEnumerable`1 data) in C:\Git\Sink\Kres.Man\KresUpdater.cs:line 43
   at Kres.Man.Listener.pushFreeCaches(List`1 buffer) in C:\Git\Sink\Kres.Man\Listener.cs:line 47
   at Kres.Man.KresUpdater.FreeCaches() in C:\Git\Sink\Kres.Man\KresUpdater.cs:line 326
   at Kres.Man.KresUpdater.ThreadProc() in C:\Git\Sink\Kres.Man\KresUpdater.cs:line 141
2018-02-16 15:15:49,335 [6] INFO  Kres.Man.Listener [(null)] - Waiting for listener context.
2018-02-16 15:15:49,349 [8] INFO  Kres.Man.Listener [(null)] - Content len = 0.
2018-02-16 15:15:49,349 [8] INFO  Kres.Man.Listener [(null)] - Nothing to read len = 0.
2018-02-16 15:15:49,350 [8] INFO  Kres.Man.Listener [(null)] - Invoking Bypass
2018-02-16 15:16:32,620 [8] INFO  Kres.Man.Listener [(null)] - Identity 57F24C19 now has domain.com whitelisted.
2018-02-16 16:37:42,604 [2] INFO  Kres.Man.Program [(null)] - Main
2018-02-16 16:37:42,655 [2] INFO  Kres.Man.Program [(null)] - Load CSVs.
2018-02-16 16:37:42,728 [2] INFO  Kres.Man.Program [(null)] - Starting UDP Server
2018-02-16 16:37:42,729 [2] INFO  Kres.Man.Program [(null)] - Starting CoreClient Updater
2018-02-16 16:37:42,731 [2] INFO  Kres.Man.Program [(null)] - Starting HTTP Listener
2018-02-16 16:37:42,738 [2] INFO  Kres.Man.Program [(null)] - Starting Knot-Resolver Updater
2018-02-16 16:37:42,738 [4] INFO  Kres.Man.CoreClient [(null)] - Starting CoreClient thread.
2018-02-16 16:37:42,742 [5] INFO  Kres.Man.KresUpdater [(null)] - Starting KresUpdater thread.
2018-02-16 16:37:42,742 [3] INFO  Kres.Man.UdpServer [(null)] - Starting UDP Server thread.
2018-02-16 16:37:42,742 [5] INFO  Kres.Man.KresUpdater [(null)] - Load CSVs.
2018-02-16 16:37:42,743 [5] INFO  Kres.Man.KresUpdater [(null)] - KresUpdater loop.
2018-02-16 16:37:42,764 [6] INFO  Kres.Man.Listener [(null)] - Starting Listener thread.
2018-02-16 16:37:42,764 [6] INFO  Kres.Man.Listener [(null)] - Starting listener.
2018-02-16 16:37:42,875 [6] INFO  Kres.Man.Listener [(null)] - Waiting for listener context.
2018-02-16 16:38:26,622 [6] INFO  Kres.Man.Listener [(null)] - Waiting for listener context.
2018-02-16 16:38:27,323 [8] INFO  Kres.Man.Listener [(null)] - Content len = 0.
2018-02-16 16:38:27,323 [8] INFO  Kres.Man.Listener [(null)] - Nothing to read len = 0.
2018-02-16 16:38:27,324 [8] INFO  Kres.Man.Listener [(null)] - Invoking Bypass
2018-02-16 16:38:32,604 [8] INFO  Kres.Man.Listener [(null)] - Identity 5B3CD90C now has domain.com whitelisted.
2018-02-16 16:38:33,735 [5] INFO  Kres.Man.KresUpdater [(null)] - KresUpdate reloading on request.
2018-02-16 16:38:33,735 [5] INFO  Kres.Man.KresUpdater [(null)] - KresUpdater loop.
2018-02-16 16:38:51,213 [5] FATAL Kres.Man.KresUpdater [(null)] - System.Exception: unable to write to nework stream
   at Kres.Man.KresUpdater.SendBuffers(NetworkStream stream, IEnumerable`1 messages) in C:\Git\Sink\Kres.Man\KresUpdater.cs:line 125
   at Kres.Man.KresUpdater.Push(bufferType buftype, IEnumerable`1 data) in C:\Git\Sink\Kres.Man\KresUpdater.cs:line 59
   at Kres.Man.Listener.pushCustomListBlacklistBuffer(List`1 buffer) in C:\Git\Sink\Kres.Man\Listener.cs:line 131
   at Kres.Man.KresUpdater.UpdateCustomLists() in C:\Git\Sink\Kres.Man\KresUpdater.cs:line 315
   at Kres.Man.KresUpdater.ThreadProc() in C:\Git\Sink\Kres.Man\KresUpdater.cs:line 146
2018-02-16 16:39:47,429 [2] INFO  Kres.Man.Program [(null)] - Main
2018-02-16 16:39:47,491 [2] INFO  Kres.Man.Program [(null)] - Load CSVs.
2018-02-16 16:39:47,555 [2] INFO  Kres.Man.Program [(null)] - Starting UDP Server
2018-02-16 16:39:47,556 [2] INFO  Kres.Man.Program [(null)] - Starting CoreClient Updater
2018-02-16 16:39:47,558 [2] INFO  Kres.Man.Program [(null)] - Starting HTTP Listener
2018-02-16 16:39:47,582 [2] INFO  Kres.Man.Program [(null)] - Starting Knot-Resolver Updater
2018-02-16 16:39:47,582 [4] INFO  Kres.Man.CoreClient [(null)] - Starting CoreClient thread.
2018-02-16 16:39:47,586 [3] INFO  Kres.Man.UdpServer [(null)] - Starting UDP Server thread.
2018-02-16 16:39:47,586 [5] INFO  Kres.Man.KresUpdater [(null)] - Starting KresUpdater thread.
2018-02-16 16:39:47,586 [5] INFO  Kres.Man.KresUpdater [(null)] - Load CSVs.
2018-02-16 16:39:47,610 [5] INFO  Kres.Man.KresUpdater [(null)] - KresUpdater loop.
2018-02-16 16:39:47,617 [6] INFO  Kres.Man.Listener [(null)] - Starting Listener thread.
2018-02-16 16:39:47,618 [6] INFO  Kres.Man.Listener [(null)] - Starting listener.
2018-02-16 16:39:47,727 [6] INFO  Kres.Man.Listener [(null)] - Waiting for listener context.
2018-02-16 16:39:54,218 [6] INFO  Kres.Man.Listener [(null)] - Waiting for listener context.
2018-02-16 16:39:54,233 [8] INFO  Kres.Man.Listener [(null)] - Content len = 0.
2018-02-16 16:39:54,233 [8] INFO  Kres.Man.Listener [(null)] - Nothing to read len = 0.
2018-02-16 16:39:54,233 [8] INFO  Kres.Man.Listener [(null)] - Invoking Bypass
2018-02-16 16:39:54,235 [8] INFO  Kres.Man.Listener [(null)] - Identity 579D6025 now has domain.com whitelisted.
2018-02-16 16:39:54,235 [5] INFO  Kres.Man.KresUpdater [(null)] - KresUpdate reloading on request.
2018-02-16 16:39:54,235 [5] INFO  Kres.Man.KresUpdater [(null)] - KresUpdater loop.
2018-02-16 16:41:24,287 [2] INFO  Kres.Man.Program [(null)] - Main
2018-02-16 16:41:24,334 [2] INFO  Kres.Man.Program [(null)] - Load CSVs.
2018-02-16 16:41:24,435 [2] INFO  Kres.Man.Program [(null)] - Starting UDP Server
2018-02-16 16:41:24,436 [2] INFO  Kres.Man.Program [(null)] - Starting CoreClient Updater
2018-02-16 16:41:24,438 [2] INFO  Kres.Man.Program [(null)] - Starting HTTP Listener
2018-02-16 16:41:24,464 [2] INFO  Kres.Man.Program [(null)] - Starting Knot-Resolver Updater
2018-02-16 16:41:24,464 [4] INFO  Kres.Man.CoreClient [(null)] - Starting CoreClient thread.
2018-02-16 16:41:24,467 [5] INFO  Kres.Man.KresUpdater [(null)] - Starting KresUpdater thread.
2018-02-16 16:41:24,468 [3] INFO  Kres.Man.UdpServer [(null)] - Starting UDP Server thread.
2018-02-16 16:41:24,468 [5] INFO  Kres.Man.KresUpdater [(null)] - Load CSVs.
2018-02-16 16:41:24,473 [5] INFO  Kres.Man.KresUpdater [(null)] - KresUpdater loop.
2018-02-16 16:41:24,482 [6] INFO  Kres.Man.Listener [(null)] - Starting Listener thread.
2018-02-16 16:41:24,482 [6] INFO  Kres.Man.Listener [(null)] - Starting listener.
2018-02-16 16:41:26,372 [6] INFO  Kres.Man.Listener [(null)] - Waiting for listener context.
2018-02-16 16:41:34,293 [6] INFO  Kres.Man.Listener [(null)] - Waiting for listener context.
2018-02-16 16:41:34,307 [8] INFO  Kres.Man.Listener [(null)] - Content len = 0.
2018-02-16 16:41:34,307 [8] INFO  Kres.Man.Listener [(null)] - Nothing to read len = 0.
2018-02-16 16:41:34,307 [8] INFO  Kres.Man.Listener [(null)] - Invoking Bypass
2018-02-16 16:41:34,309 [8] INFO  Kres.Man.Listener [(null)] - Identity FF26B31D now has domain.com whitelisted.
2018-02-16 16:41:34,309 [5] INFO  Kres.Man.KresUpdater [(null)] - KresUpdate reloading on request.
2018-02-16 16:41:34,309 [5] INFO  Kres.Man.KresUpdater [(null)] - KresUpdater loop.
2018-02-16 16:41:35,352 [5] FATAL Kres.Man.KresUpdater [(null)] - System.Net.Internals.SocketExceptionFactory+ExtendedSocketException (0x80004005): No connection could be made because the target machine actively refused it 127.0.0.1:8888
   at System.Net.Sockets.Socket.DoConnect(EndPoint endPointSnapshot, SocketAddress socketAddress)
   at System.Net.Sockets.Socket.Connect(EndPoint remoteEP)
   at System.Net.Sockets.Socket.Connect(IPAddress address, Int32 port)
   at Kres.Man.KresUpdater.Push(bufferType buftype, IEnumerable`1 data) in C:\Git\Sink\Kres.Man\KresUpdater.cs:line 43
   at Kres.Man.Listener.pushFreeCaches(List`1 buffer) in C:\Git\Sink\Kres.Man\Listener.cs:line 47
   at Kres.Man.KresUpdater.FreeCaches() in C:\Git\Sink\Kres.Man\KresUpdater.cs:line 326
   at Kres.Man.KresUpdater.ThreadProc() in C:\Git\Sink\Kres.Man\KresUpdater.cs:line 141
2018-02-16 16:42:40,494 [6] INFO  Kres.Man.Listener [(null)] - Waiting for listener context.
2018-02-16 16:42:40,497 [9] INFO  Kres.Man.Listener [(null)] - Content len = 0.
2018-02-16 16:42:40,498 [9] INFO  Kres.Man.Listener [(null)] - Nothing to read len = 0.
2018-02-16 16:42:40,498 [9] INFO  Kres.Man.Listener [(null)] - Invoking Bypass
2018-02-16 16:42:40,498 [9] INFO  Kres.Man.Listener [(null)] - Identity FF26B31D has domain.com already whitelisted.
2018-02-16 16:43:01,752 [2] INFO  Kres.Man.Program [(null)] - Main
2018-02-16 16:43:01,802 [2] INFO  Kres.Man.Program [(null)] - Load CSVs.
2018-02-16 16:43:01,868 [2] INFO  Kres.Man.Program [(null)] - Starting UDP Server
2018-02-16 16:43:01,868 [2] INFO  Kres.Man.Program [(null)] - Starting CoreClient Updater
2018-02-16 16:43:01,870 [2] INFO  Kres.Man.Program [(null)] - Starting HTTP Listener
2018-02-16 16:43:01,872 [2] INFO  Kres.Man.Program [(null)] - Starting Knot-Resolver Updater
2018-02-16 16:43:01,873 [4] INFO  Kres.Man.CoreClient [(null)] - Starting CoreClient thread.
2018-02-16 16:43:01,878 [5] INFO  Kres.Man.KresUpdater [(null)] - Starting KresUpdater thread.
2018-02-16 16:43:01,878 [3] INFO  Kres.Man.UdpServer [(null)] - Starting UDP Server thread.
2018-02-16 16:43:01,878 [5] INFO  Kres.Man.KresUpdater [(null)] - Load CSVs.
2018-02-16 16:43:01,882 [5] INFO  Kres.Man.KresUpdater [(null)] - KresUpdater loop.
2018-02-16 16:43:01,890 [6] INFO  Kres.Man.Listener [(null)] - Starting Listener thread.
2018-02-16 16:43:01,890 [6] INFO  Kres.Man.Listener [(null)] - Starting listener.
2018-02-16 16:43:02,001 [6] INFO  Kres.Man.Listener [(null)] - Waiting for listener context.
2018-02-16 16:43:18,054 [6] INFO  Kres.Man.Listener [(null)] - Waiting for listener context.
2018-02-16 16:43:18,068 [8] INFO  Kres.Man.Listener [(null)] - Content len = 0.
2018-02-16 16:43:18,068 [8] INFO  Kres.Man.Listener [(null)] - Nothing to read len = 0.
2018-02-16 16:43:18,068 [8] INFO  Kres.Man.Listener [(null)] - Invoking Bypass
2018-02-16 16:43:18,070 [8] INFO  Kres.Man.Listener [(null)] - Identity BE23A73B now has domain.com whitelisted.
2018-02-16 16:43:18,070 [5] INFO  Kres.Man.KresUpdater [(null)] - KresUpdate reloading on request.
2018-02-16 16:43:18,070 [5] INFO  Kres.Man.KresUpdater [(null)] - KresUpdater loop.
2018-02-16 16:43:25,793 [6] INFO  Kres.Man.Listener [(null)] - Waiting for listener context.
2018-02-16 16:43:25,793 [8] INFO  Kres.Man.Listener [(null)] - Content len = 0.
2018-02-16 16:43:25,794 [8] INFO  Kres.Man.Listener [(null)] - Nothing to read len = 0.
2018-02-16 16:43:25,794 [8] INFO  Kres.Man.Listener [(null)] - Invoking Bypass
2018-02-16 16:43:25,794 [8] INFO  Kres.Man.Listener [(null)] - Identity BE23A73B has domain.com already whitelisted.
2018-02-16 16:43:48,066 [2] INFO  Kres.Man.Program [(null)] - Main
2018-02-16 16:43:48,111 [2] INFO  Kres.Man.Program [(null)] - Load CSVs.
2018-02-16 16:43:48,195 [2] INFO  Kres.Man.Program [(null)] - Starting UDP Server
2018-02-16 16:43:48,196 [2] INFO  Kres.Man.Program [(null)] - Starting CoreClient Updater
2018-02-16 16:43:48,198 [2] INFO  Kres.Man.Program [(null)] - Starting HTTP Listener
2018-02-16 16:43:48,222 [2] INFO  Kres.Man.Program [(null)] - Starting Knot-Resolver Updater
2018-02-16 16:43:48,223 [4] INFO  Kres.Man.CoreClient [(null)] - Starting CoreClient thread.
2018-02-16 16:43:48,227 [3] INFO  Kres.Man.UdpServer [(null)] - Starting UDP Server thread.
2018-02-16 16:43:48,227 [5] INFO  Kres.Man.KresUpdater [(null)] - Starting KresUpdater thread.
2018-02-16 16:43:48,227 [5] INFO  Kres.Man.KresUpdater [(null)] - Load CSVs.
2018-02-16 16:43:48,284 [5] INFO  Kres.Man.KresUpdater [(null)] - KresUpdater loop.
2018-02-16 16:43:48,294 [6] INFO  Kres.Man.Listener [(null)] - Starting Listener thread.
2018-02-16 16:43:48,294 [6] INFO  Kres.Man.Listener [(null)] - Starting listener.
2018-02-16 16:43:48,416 [6] INFO  Kres.Man.Listener [(null)] - Waiting for listener context.
2018-02-16 16:44:05,023 [6] INFO  Kres.Man.Listener [(null)] - Waiting for listener context.
2018-02-16 16:44:05,036 [8] INFO  Kres.Man.Listener [(null)] - Content len = 0.
2018-02-16 16:44:05,036 [8] INFO  Kres.Man.Listener [(null)] - Nothing to read len = 0.
2018-02-16 16:44:05,036 [8] INFO  Kres.Man.Listener [(null)] - Invoking Bypass
2018-02-16 16:44:05,038 [8] INFO  Kres.Man.Listener [(null)] - Identity BB1FE07C now has domain.com whitelisted.
2018-02-16 16:44:05,038 [5] INFO  Kres.Man.KresUpdater [(null)] - KresUpdate reloading on request.
2018-02-16 16:44:05,038 [5] INFO  Kres.Man.KresUpdater [(null)] - KresUpdater loop.
2018-02-16 16:48:13,488 [2] INFO  Kres.Man.Program [(null)] - Main
2018-02-16 16:48:13,538 [2] INFO  Kres.Man.Program [(null)] - Load CSVs.
2018-02-16 16:48:13,635 [2] INFO  Kres.Man.Program [(null)] - Starting UDP Server
2018-02-16 16:48:13,636 [2] INFO  Kres.Man.Program [(null)] - Starting CoreClient Updater
2018-02-16 16:48:13,640 [2] INFO  Kres.Man.Program [(null)] - Starting HTTP Listener
2018-02-16 16:48:13,665 [4] INFO  Kres.Man.CoreClient [(null)] - Starting CoreClient thread.
2018-02-16 16:48:13,666 [2] INFO  Kres.Man.Program [(null)] - Starting Knot-Resolver Updater
2018-02-16 16:48:13,672 [3] INFO  Kres.Man.UdpServer [(null)] - Starting UDP Server thread.
2018-02-16 16:48:13,672 [5] INFO  Kres.Man.KresUpdater [(null)] - Starting KresUpdater thread.
2018-02-16 16:48:13,672 [5] INFO  Kres.Man.KresUpdater [(null)] - Load CSVs.
2018-02-16 16:48:13,675 [5] INFO  Kres.Man.KresUpdater [(null)] - KresUpdater loop.
2018-02-16 16:48:13,699 [6] INFO  Kres.Man.Listener [(null)] - Starting Listener thread.
2018-02-16 16:48:13,699 [6] INFO  Kres.Man.Listener [(null)] - Starting listener.
2018-02-16 16:48:13,854 [6] INFO  Kres.Man.Listener [(null)] - Waiting for listener context.
2018-02-16 16:48:24,404 [6] INFO  Kres.Man.Listener [(null)] - Waiting for listener context.
2018-02-16 16:48:24,418 [8] INFO  Kres.Man.Listener [(null)] - Content len = 0.
2018-02-16 16:48:24,418 [8] INFO  Kres.Man.Listener [(null)] - Nothing to read len = 0.
2018-02-16 16:48:24,418 [8] INFO  Kres.Man.Listener [(null)] - Invoking Bypass
2018-02-16 16:48:24,419 [8] INFO  Kres.Man.Listener [(null)] - Identity 6345229 now has domain.com whitelisted.
2018-02-16 16:48:24,419 [5] INFO  Kres.Man.KresUpdater [(null)] - KresUpdate reloading on request.
2018-02-16 16:48:24,419 [5] INFO  Kres.Man.KresUpdater [(null)] - KresUpdater loop.
2018-02-16 16:48:26,603 [6] INFO  Kres.Man.Listener [(null)] - Waiting for listener context.
2018-02-16 16:48:26,603 [8] INFO  Kres.Man.Listener [(null)] - Content len = 0.
2018-02-16 16:48:26,603 [8] INFO  Kres.Man.Listener [(null)] - Nothing to read len = 0.
2018-02-16 16:48:26,603 [8] INFO  Kres.Man.Listener [(null)] - Invoking Bypass
2018-02-16 16:48:26,603 [8] INFO  Kres.Man.Listener [(null)] - Identity 6345229 has domain.com already whitelisted.
2018-02-16 16:48:35,903 [6] INFO  Kres.Man.Listener [(null)] - Waiting for listener context.
2018-02-16 16:48:35,903 [8] INFO  Kres.Man.Listener [(null)] - Content len = 0.
2018-02-16 16:48:35,903 [8] INFO  Kres.Man.Listener [(null)] - Nothing to read len = 0.
2018-02-16 16:48:35,903 [8] INFO  Kres.Man.Listener [(null)] - Invoking Bypass
2018-02-16 16:48:35,903 [8] INFO  Kres.Man.Listener [(null)] - Identity 6345229 now has domai2n.com whitelisted.
2018-02-16 16:48:35,904 [5] INFO  Kres.Man.KresUpdater [(null)] - KresUpdate reloading on request.
2018-02-16 16:48:35,904 [5] INFO  Kres.Man.KresUpdater [(null)] - KresUpdater loop.
2018-02-16 16:49:35,913 [5] INFO  Kres.Man.KresUpdater [(null)] - KresUpdate reloading on timeout.
2018-02-16 16:49:35,913 [5] INFO  Kres.Man.KresUpdater [(null)] - KresUpdater loop.
